/home/gcaillaut/cv_ofa/ofa_cifar10_options.py:1430: FutureWarning: You are using `torch.load` with `weights_only=False` (the current default value), which uses the default pickle module implicitly. It is possible to construct malicious pickle data which will execute arbitrary code during unpickling (See https://github.com/pytorch/pytorch/blob/main/SECURITY.md#untrusted-models for more details). In a future release, the default value for `weights_only` will be flipped to `True`. This limits the functions that could be executed during unpickling. Arbitrary objects will no longer be allowed to be loaded via this mode unless they are explicitly allowlisted by the user via `torch.serialization.add_safe_globals`. We recommend you start setting `weights_only=True` for any use case where you don't have full control of the loaded file. Please open an issue on GitHub for any issues related to this experimental feature.
  ckpt = torch.load(path, map_location=device)
gen=000 best_pred_acc=94.321 best_macs=101.60M spec={'r': 32, 'd': [4, 3, 4, 4, 2], 'ks': [7, 7, 7, 3, 5, 3, 7, 3, 5, 7, 7, 7, 3, 7, 5, 5, 3, 5, 5, 7], 'e': [4, 4, 4, 6, 4, 4, 4, 3, 6, 6, 6, 3, 4, 3, 4, 4, 3, 6, 4, 6]}
gen=001 best_pred_acc=94.381 best_macs=84.98M spec={'r': 32, 'd': [3, 3, 3, 4, 2], 'ks': [7, 7, 7, 3, 5, 5, 3, 3, 5, 7, 3, 3, 5, 7, 3, 5, 5, 5, 5, 3], 'e': [4, 4, 4, 4, 6, 6, 4, 3, 4, 6, 4, 6, 3, 4, 3, 6, 3, 3, 4, 3]}
gen=002 best_pred_acc=94.485 best_macs=100.39M spec={'r': 32, 'd': [4, 3, 4, 4, 2], 'ks': [7, 3, 5, 7, 7, 5, 7, 5, 7, 7, 7, 3, 3, 5, 3, 5, 7, 5, 7, 7], 'e': [6, 4, 4, 3, 6, 4, 6, 3, 4, 6, 6, 3, 4, 3, 3, 4, 4, 3, 3, 6]}
gen=003 best_pred_acc=94.843 best_macs=116.54M spec={'r': 32, 'd': [4, 4, 4, 4, 2], 'ks': [5, 7, 7, 5, 7, 5, 7, 5, 5, 7, 7, 7, 3, 7, 3, 5, 7, 3, 7, 7], 'e': [6, 4, 6, 3, 6, 6, 4, 3, 4, 6, 6, 6, 4, 3, 3, 4, 4, 3, 4, 3]}
gen=004 best_pred_acc=94.843 best_macs=116.54M spec={'r': 32, 'd': [4, 4, 4, 4, 2], 'ks': [5, 7, 7, 5, 7, 5, 7, 5, 5, 7, 7, 7, 3, 7, 3, 5, 7, 3, 7, 7], 'e': [6, 4, 6, 3, 6, 6, 4, 3, 4, 6, 6, 6, 4, 3, 3, 4, 4, 3, 4, 3]}
gen=005 best_pred_acc=94.871 best_macs=114.47M spec={'r': 32, 'd': [4, 4, 4, 3, 2], 'ks': [7, 7, 5, 7, 5, 7, 7, 5, 5, 7, 5, 3, 3, 5, 3, 7, 3, 3, 5, 7], 'e': [6, 4, 6, 4, 3, 4, 6, 4, 4, 6, 4, 3, 4, 6, 6, 3, 3, 4, 3, 6]}
gen=006 best_pred_acc=94.989 best_macs=114.75M spec={'r': 32, 'd': [4, 4, 4, 4, 2], 'ks': [7, 7, 5, 5, 5, 5, 5, 5, 7, 7, 7, 7, 7, 7, 5, 5, 3, 5, 7, 7], 'e': [6, 4, 6, 6, 4, 4, 4, 3, 4, 6, 4, 6, 4, 3, 4, 4, 4, 3, 3, 4]}
gen=007 best_pred_acc=95.084 best_macs=115.08M spec={'r': 32, 'd': [4, 4, 4, 3, 2], 'ks': [5, 3, 7, 5, 5, 5, 5, 5, 5, 7, 7, 7, 3, 7, 3, 5, 5, 7, 7, 7], 'e': [6, 4, 6, 4, 6, 6, 6, 3, 4, 6, 6, 6, 4, 3, 3, 4, 3, 6, 4, 3]}
gen=008 best_pred_acc=95.084 best_macs=115.08M spec={'r': 32, 'd': [4, 4, 4, 3, 2], 'ks': [5, 3, 7, 5, 5, 5, 5, 5, 5, 7, 7, 7, 3, 7, 3, 5, 5, 7, 7, 7], 'e': [6, 4, 6, 4, 6, 6, 6, 3, 4, 6, 6, 6, 4, 3, 3, 4, 3, 6, 4, 3]}
gen=009 best_pred_acc=95.148 best_macs=119.52M spec={'r': 32, 'd': [4, 4, 4, 4, 2], 'ks': [7, 3, 7, 5, 5, 7, 7, 5, 5, 7, 5, 7, 5, 5, 3, 7, 5, 5, 7, 7], 'e': [6, 4, 6, 3, 6, 6, 6, 4, 4, 6, 4, 4, 4, 6, 6, 6, 3, 3, 3, 4]}
gen=010 best_pred_acc=95.256 best_macs=117.77M spec={'r': 32, 'd': [4, 4, 4, 3, 2], 'ks': [5, 7, 7, 5, 5, 7, 7, 7, 5, 7, 7, 3, 3, 5, 3, 3, 7, 3, 7, 7], 'e': [6, 4, 6, 4, 6, 4, 6, 3, 4, 6, 4, 4, 4, 6, 3, 4, 6, 3, 3, 3]}
gen=011 best_pred_acc=95.256 best_macs=117.77M spec={'r': 32, 'd': [4, 4, 4, 3, 2], 'ks': [5, 7, 7, 5, 5, 7, 7, 7, 5, 7, 7, 3, 3, 5, 3, 3, 7, 3, 7, 7], 'e': [6, 4, 6, 4, 6, 4, 6, 3, 4, 6, 4, 4, 4, 6, 3, 4, 6, 3, 3, 3]}
gen=012 best_pred_acc=95.336 best_macs=116.61M spec={'r': 32, 'd': [4, 4, 4, 4, 2], 'ks': [7, 7, 5, 5, 5, 7, 7, 3, 5, 7, 7, 3, 3, 5, 5, 7, 3, 5, 5, 3], 'e': [6, 4, 6, 4, 6, 4, 6, 4, 4, 6, 4, 4, 4, 6, 3, 4, 3, 3, 3, 4]}
gen=013 best_pred_acc=95.336 best_macs=116.61M spec={'r': 32, 'd': [4, 4, 4, 4, 2], 'ks': [7, 7, 5, 5, 5, 7, 7, 3, 5, 7, 7, 3, 3, 5, 5, 7, 3, 5, 5, 3], 'e': [6, 4, 6, 4, 6, 4, 6, 4, 4, 6, 4, 4, 4, 6, 3, 4, 3, 3, 3, 4]}
gen=014 best_pred_acc=95.336 best_macs=116.61M spec={'r': 32, 'd': [4, 4, 4, 4, 2], 'ks': [7, 7, 5, 5, 5, 7, 7, 3, 5, 7, 7, 3, 3, 5, 5, 7, 3, 5, 5, 3], 'e': [6, 4, 6, 4, 6, 4, 6, 4, 4, 6, 4, 4, 4, 6, 3, 4, 3, 3, 3, 4]}
gen=015 best_pred_acc=95.442 best_macs=116.14M spec={'r': 32, 'd': [4, 4, 4, 4, 2], 'ks': [7, 7, 5, 7, 5, 5, 5, 5, 7, 7, 7, 7, 5, 7, 5, 3, 3, 7, 5, 7], 'e': [6, 4, 6, 3, 6, 4, 6, 4, 4, 6, 4, 4, 6, 6, 4, 4, 3, 3, 3, 3]}
gen=016 best_pred_acc=95.442 best_macs=116.14M spec={'r': 32, 'd': [4, 4, 4, 4, 2], 'ks': [7, 7, 5, 7, 5, 5, 5, 5, 7, 7, 7, 7, 5, 7, 5, 3, 3, 7, 5, 7], 'e': [6, 4, 6, 3, 6, 4, 6, 4, 4, 6, 4, 4, 6, 6, 4, 4, 3, 3, 3, 3]}
gen=017 best_pred_acc=95.519 best_macs=116.84M spec={'r': 32, 'd': [4, 4, 4, 4, 2], 'ks': [7, 7, 5, 5, 5, 7, 7, 3, 7, 7, 7, 7, 3, 7, 5, 3, 3, 7, 7, 7], 'e': [6, 4, 6, 3, 6, 4, 6, 4, 4, 6, 4, 4, 4, 6, 6, 4, 6, 3, 3, 4]}
gen=018 best_pred_acc=95.523 best_macs=111.74M spec={'r': 32, 'd': [4, 4, 4, 4, 2], 'ks': [7, 7, 5, 7, 5, 5, 5, 3, 7, 7, 7, 7, 3, 7, 5, 3, 3, 5, 5, 3], 'e': [6, 4, 6, 3, 4, 4, 6, 4, 4, 6, 4, 4, 4, 6, 6, 4, 3, 3, 3, 4]}
gen=019 best_pred_acc=95.552 best_macs=113.81M spec={'r': 32, 'd': [4, 4, 4, 4, 2], 'ks': [7, 7, 5, 5, 5, 5, 5, 3, 5, 7, 7, 7, 3, 7, 5, 3, 5, 7, 5, 7], 'e': [6, 4, 6, 3, 6, 4, 6, 4, 4, 6, 4, 4, 4, 6, 4, 4, 3, 6, 3, 3]}
gen=020 best_pred_acc=95.576 best_macs=114.59M spec={'r': 32, 'd': [4, 4, 4, 4, 2], 'ks': [7, 7, 5, 7, 5, 5, 5, 3, 7, 7, 7, 7, 3, 7, 5, 3, 5, 7, 5, 7], 'e': [6, 4, 6, 3, 6, 4, 6, 4, 4, 6, 4, 4, 4, 6, 4, 4, 3, 3, 4, 3]}
gen=021 best_pred_acc=95.594 best_macs=110.36M spec={'r': 32, 'd': [4, 4, 4, 4, 2], 'ks': [7, 7, 5, 3, 5, 5, 5, 3, 5, 7, 7, 7, 3, 7, 5, 3, 5, 7, 5, 7], 'e': [6, 4, 6, 3, 6, 4, 6, 4, 4, 6, 4, 4, 4, 6, 4, 4, 3, 3, 3, 3]}
gen=022 best_pred_acc=95.598 best_macs=111.80M spec={'r': 32, 'd': [4, 4, 4, 4, 2], 'ks': [7, 7, 5, 3, 5, 5, 5, 3, 7, 7, 7, 7, 3, 7, 5, 3, 5, 7, 5, 7], 'e': [6, 4, 6, 3, 6, 4, 6, 4, 4, 6, 4, 4, 4, 6, 4, 4, 6, 3, 3, 4]}
gen=023 best_pred_acc=95.598 best_macs=111.80M spec={'r': 32, 'd': [4, 4, 4, 4, 2], 'ks': [7, 7, 5, 3, 5, 5, 5, 3, 7, 7, 7, 7, 3, 7, 5, 3, 5, 7, 5, 7], 'e': [6, 4, 6, 3, 6, 4, 6, 4, 4, 6, 4, 4, 4, 6, 4, 4, 6, 3, 3, 4]}
gen=024 best_pred_acc=95.601 best_macs=111.54M spec={'r': 32, 'd': [4, 4, 4, 4, 2], 'ks': [7, 7, 5, 7, 5, 5, 5, 3, 7, 7, 7, 7, 3, 7, 5, 7, 5, 7, 5, 3], 'e': [6, 4, 6, 3, 4, 4, 6, 4, 4, 6, 4, 4, 4, 6, 4, 4, 3, 3, 3, 3]}
gen=025 best_pred_acc=95.616 best_macs=115.00M spec={'r': 32, 'd': [4, 4, 4, 4, 2], 'ks': [7, 7, 5, 5, 5, 5, 7, 3, 7, 7, 7, 7, 3, 7, 7, 3, 7, 7, 5, 7], 'e': [6, 4, 6, 3, 6, 4, 6, 4, 4, 6, 4, 4, 4, 6, 6, 4, 3, 3, 3, 3]}
gen=026 best_pred_acc=95.623 best_macs=116.25M spec={'r': 32, 'd': [4, 4, 4, 4, 2], 'ks': [7, 7, 5, 5, 5, 5, 7, 3, 7, 7, 7, 7, 3, 7, 7, 3, 7, 7, 7, 7], 'e': [6, 4, 6, 3, 6, 4, 6, 4, 4, 6, 4, 4, 4, 6, 6, 4, 6, 3, 3, 3]}
gen=027 best_pred_acc=95.623 best_macs=116.25M spec={'r': 32, 'd': [4, 4, 4, 4, 2], 'ks': [7, 7, 5, 5, 5, 5, 7, 3, 7, 7, 7, 7, 3, 7, 7, 3, 7, 7, 7, 7], 'e': [6, 4, 6, 3, 6, 4, 6, 4, 4, 6, 4, 4, 4, 6, 6, 4, 6, 3, 3, 3]}
gen=028 best_pred_acc=95.633 best_macs=111.70M spec={'r': 32, 'd': [4, 4, 4, 4, 2], 'ks': [7, 7, 5, 5, 5, 5, 7, 3, 7, 7, 7, 7, 3, 7, 7, 3, 7, 7, 5, 7], 'e': [6, 4, 6, 3, 4, 4, 6, 4, 4, 6, 4, 4, 4, 6, 6, 4, 3, 3, 4, 3]}
gen=029 best_pred_acc=95.644 best_macs=111.48M spec={'r': 32, 'd': [4, 4, 4, 4, 2], 'ks': [7, 7, 5, 5, 5, 5, 7, 3, 7, 7, 7, 7, 3, 7, 5, 3, 7, 7, 5, 3], 'e': [6, 4, 6, 3, 4, 4, 6, 4, 4, 6, 4, 4, 4, 6, 6, 4, 3, 3, 3, 3]}
gen=030 best_pred_acc=95.644 best_macs=111.48M spec={'r': 32, 'd': [4, 4, 4, 4, 2], 'ks': [7, 7, 5, 5, 5, 5, 7, 3, 7, 7, 7, 7, 3, 7, 5, 3, 7, 7, 5, 3], 'e': [6, 4, 6, 3, 4, 4, 6, 4, 4, 6, 4, 4, 4, 6, 6, 4, 3, 3, 3, 3]}
gen=031 best_pred_acc=95.692 best_macs=110.15M spec={'r': 32, 'd': [4, 4, 4, 4, 2], 'ks': [7, 7, 5, 3, 5, 5, 7, 3, 7, 7, 7, 7, 3, 7, 5, 7, 7, 7, 7, 3], 'e': [6, 4, 6, 3, 4, 4, 6, 4, 4, 6, 4, 4, 4, 6, 6, 4, 3, 3, 3, 3]}
gen=032 best_pred_acc=95.692 best_macs=110.15M spec={'r': 32, 'd': [4, 4, 4, 4, 2], 'ks': [7, 7, 5, 3, 5, 5, 7, 3, 7, 7, 7, 7, 3, 7, 5, 7, 7, 7, 7, 3], 'e': [6, 4, 6, 3, 4, 4, 6, 4, 4, 6, 4, 4, 4, 6, 6, 4, 3, 3, 3, 3]}
gen=033 best_pred_acc=95.692 best_macs=110.15M spec={'r': 32, 'd': [4, 4, 4, 4, 2], 'ks': [7, 7, 5, 3, 5, 5, 7, 3, 7, 7, 7, 7, 3, 7, 5, 7, 7, 7, 7, 3], 'e': [6, 4, 6, 3, 4, 4, 6, 4, 4, 6, 4, 4, 4, 6, 6, 4, 3, 3, 3, 3]}
gen=034 best_pred_acc=95.692 best_macs=110.15M spec={'r': 32, 'd': [4, 4, 4, 4, 2], 'ks': [7, 7, 5, 3, 5, 5, 7, 3, 7, 7, 7, 7, 3, 7, 5, 7, 7, 7, 7, 3], 'e': [6, 4, 6, 3, 4, 4, 6, 4, 4, 6, 4, 4, 4, 6, 6, 4, 3, 3, 3, 3]}
gen=035 best_pred_acc=95.692 best_macs=110.15M spec={'r': 32, 'd': [4, 4, 4, 4, 2], 'ks': [7, 7, 5, 3, 5, 5, 7, 3, 7, 7, 7, 7, 3, 7, 5, 7, 7, 7, 7, 3], 'e': [6, 4, 6, 3, 4, 4, 6, 4, 4, 6, 4, 4, 4, 6, 6, 4, 3, 3, 3, 3]}
gen=036 best_pred_acc=95.692 best_macs=110.15M spec={'r': 32, 'd': [4, 4, 4, 4, 2], 'ks': [7, 7, 5, 3, 5, 5, 7, 3, 7, 7, 7, 7, 3, 7, 5, 7, 7, 7, 7, 3], 'e': [6, 4, 6, 3, 4, 4, 6, 4, 4, 6, 4, 4, 4, 6, 6, 4, 3, 3, 3, 3]}
gen=037 best_pred_acc=95.692 best_macs=110.15M spec={'r': 32, 'd': [4, 4, 4, 4, 2], 'ks': [7, 7, 5, 3, 5, 5, 7, 3, 7, 7, 7, 7, 3, 7, 5, 7, 7, 7, 7, 3], 'e': [6, 4, 6, 3, 4, 4, 6, 4, 4, 6, 4, 4, 4, 6, 6, 4, 3, 3, 3, 3]}
gen=038 best_pred_acc=95.692 best_macs=110.15M spec={'r': 32, 'd': [4, 4, 4, 4, 2], 'ks': [7, 7, 5, 3, 5, 5, 7, 3, 7, 7, 7, 7, 3, 7, 5, 7, 7, 7, 7, 3], 'e': [6, 4, 6, 3, 4, 4, 6, 4, 4, 6, 4, 4, 4, 6, 6, 4, 3, 3, 3, 3]}
gen=039 best_pred_acc=95.729 best_macs=110.89M spec={'r': 32, 'd': [4, 4, 4, 4, 2], 'ks': [7, 7, 5, 3, 5, 5, 7, 3, 7, 7, 7, 7, 3, 7, 5, 7, 7, 7, 5, 3], 'e': [6, 4, 6, 3, 4, 4, 6, 4, 4, 6, 4, 4, 6, 6, 6, 4, 3, 3, 3, 4]}
gen=040 best_pred_acc=95.729 best_macs=110.89M spec={'r': 32, 'd': [4, 4, 4, 4, 2], 'ks': [7, 7, 5, 3, 5, 5, 7, 3, 7, 7, 7, 7, 3, 7, 5, 7, 7, 7, 5, 3], 'e': [6, 4, 6, 3, 4, 4, 6, 4, 4, 6, 4, 4, 6, 6, 6, 4, 3, 3, 3, 4]}
gen=041 best_pred_acc=95.729 best_macs=110.89M spec={'r': 32, 'd': [4, 4, 4, 4, 2], 'ks': [7, 7, 5, 3, 5, 5, 7, 3, 7, 7, 7, 7, 3, 7, 5, 7, 7, 7, 5, 3], 'e': [6, 4, 6, 3, 4, 4, 6, 4, 4, 6, 4, 4, 6, 6, 6, 4, 3, 3, 3, 4]}
gen=042 best_pred_acc=95.729 best_macs=110.89M spec={'r': 32, 'd': [4, 4, 4, 4, 2], 'ks': [7, 7, 5, 3, 5, 5, 7, 3, 7, 7, 7, 7, 3, 7, 5, 7, 7, 7, 5, 3], 'e': [6, 4, 6, 3, 4, 4, 6, 4, 4, 6, 4, 4, 6, 6, 6, 4, 3, 3, 3, 4]}
gen=043 best_pred_acc=95.729 best_macs=110.89M spec={'r': 32, 'd': [4, 4, 4, 4, 2], 'ks': [7, 7, 5, 3, 5, 5, 7, 3, 7, 7, 7, 7, 3, 7, 5, 7, 7, 7, 5, 3], 'e': [6, 4, 6, 3, 4, 4, 6, 4, 4, 6, 4, 4, 6, 6, 6, 4, 3, 3, 3, 4]}
gen=044 best_pred_acc=95.729 best_macs=110.89M spec={'r': 32, 'd': [4, 4, 4, 4, 2], 'ks': [7, 7, 5, 3, 5, 5, 7, 3, 7, 7, 7, 7, 3, 7, 5, 7, 7, 7, 5, 3], 'e': [6, 4, 6, 3, 4, 4, 6, 4, 4, 6, 4, 4, 6, 6, 6, 4, 3, 3, 3, 4]}
gen=045 best_pred_acc=95.729 best_macs=110.89M spec={'r': 32, 'd': [4, 4, 4, 4, 2], 'ks': [7, 7, 5, 3, 5, 5, 7, 3, 7, 7, 7, 7, 3, 7, 5, 7, 7, 7, 5, 3], 'e': [6, 4, 6, 3, 4, 4, 6, 4, 4, 6, 4, 4, 6, 6, 6, 4, 3, 3, 3, 4]}
gen=046 best_pred_acc=95.729 best_macs=110.89M spec={'r': 32, 'd': [4, 4, 4, 4, 2], 'ks': [7, 7, 5, 3, 5, 5, 7, 3, 7, 7, 7, 7, 3, 7, 5, 7, 7, 7, 5, 3], 'e': [6, 4, 6, 3, 4, 4, 6, 4, 4, 6, 4, 4, 6, 6, 6, 4, 3, 3, 3, 4]}
gen=047 best_pred_acc=95.729 best_macs=110.89M spec={'r': 32, 'd': [4, 4, 4, 4, 2], 'ks': [7, 7, 5, 3, 5, 5, 7, 3, 7, 7, 7, 7, 3, 7, 5, 7, 7, 7, 5, 3], 'e': [6, 4, 6, 3, 4, 4, 6, 4, 4, 6, 4, 4, 6, 6, 6, 4, 3, 3, 3, 4]}
gen=048 best_pred_acc=95.729 best_macs=110.89M spec={'r': 32, 'd': [4, 4, 4, 4, 2], 'ks': [7, 7, 5, 3, 5, 5, 7, 3, 7, 7, 7, 7, 3, 7, 5, 7, 7, 7, 5, 3], 'e': [6, 4, 6, 3, 4, 4, 6, 4, 4, 6, 4, 4, 6, 6, 6, 4, 3, 3, 3, 4]}
gen=049 best_pred_acc=95.729 best_macs=110.89M spec={'r': 32, 'd': [4, 4, 4, 4, 2], 'ks': [7, 7, 5, 3, 5, 5, 7, 3, 7, 7, 7, 7, 3, 7, 5, 7, 7, 7, 5, 3], 'e': [6, 4, 6, 3, 4, 4, 6, 4, 4, 6, 4, 4, 6, 6, 6, 4, 3, 3, 3, 4]}
gen=050 best_pred_acc=95.729 best_macs=110.89M spec={'r': 32, 'd': [4, 4, 4, 4, 2], 'ks': [7, 7, 5, 3, 5, 5, 7, 3, 7, 7, 7, 7, 3, 7, 5, 7, 7, 7, 5, 3], 'e': [6, 4, 6, 3, 4, 4, 6, 4, 4, 6, 4, 4, 6, 6, 6, 4, 3, 3, 3, 4]}
gen=051 best_pred_acc=95.729 best_macs=110.89M spec={'r': 32, 'd': [4, 4, 4, 4, 2], 'ks': [7, 7, 5, 3, 5, 5, 7, 3, 7, 7, 7, 7, 3, 7, 5, 7, 7, 7, 5, 3], 'e': [6, 4, 6, 3, 4, 4, 6, 4, 4, 6, 4, 4, 6, 6, 6, 4, 3, 3, 3, 4]}
gen=052 best_pred_acc=95.729 best_macs=110.89M spec={'r': 32, 'd': [4, 4, 4, 4, 2], 'ks': [7, 7, 5, 3, 5, 5, 7, 3, 7, 7, 7, 7, 3, 7, 5, 7, 7, 7, 5, 3], 'e': [6, 4, 6, 3, 4, 4, 6, 4, 4, 6, 4, 4, 6, 6, 6, 4, 3, 3, 3, 4]}
gen=053 best_pred_acc=95.729 best_macs=110.89M spec={'r': 32, 'd': [4, 4, 4, 4, 2], 'ks': [7, 7, 5, 3, 5, 5, 7, 3, 7, 7, 7, 7, 3, 7, 5, 7, 7, 7, 5, 3], 'e': [6, 4, 6, 3, 4, 4, 6, 4, 4, 6, 4, 4, 6, 6, 6, 4, 3, 3, 3, 4]}
gen=054 best_pred_acc=95.729 best_macs=110.89M spec={'r': 32, 'd': [4, 4, 4, 4, 2], 'ks': [7, 7, 5, 3, 5, 5, 7, 3, 7, 7, 7, 7, 3, 7, 5, 7, 7, 7, 5, 3], 'e': [6, 4, 6, 3, 4, 4, 6, 4, 4, 6, 4, 4, 6, 6, 6, 4, 3, 3, 3, 4]}
gen=055 best_pred_acc=95.729 best_macs=110.89M spec={'r': 32, 'd': [4, 4, 4, 4, 2], 'ks': [7, 7, 5, 3, 5, 5, 7, 3, 7, 7, 7, 7, 3, 7, 5, 7, 7, 7, 5, 3], 'e': [6, 4, 6, 3, 4, 4, 6, 4, 4, 6, 4, 4, 6, 6, 6, 4, 3, 3, 3, 4]}
gen=056 best_pred_acc=95.729 best_macs=110.89M spec={'r': 32, 'd': [4, 4, 4, 4, 2], 'ks': [7, 7, 5, 3, 5, 5, 7, 3, 7, 7, 7, 7, 3, 7, 5, 7, 7, 7, 5, 3], 'e': [6, 4, 6, 3, 4, 4, 6, 4, 4, 6, 4, 4, 6, 6, 6, 4, 3, 3, 3, 4]}
gen=057 best_pred_acc=95.729 best_macs=110.89M spec={'r': 32, 'd': [4, 4, 4, 4, 2], 'ks': [7, 7, 5, 3, 5, 5, 7, 3, 7, 7, 7, 7, 3, 7, 5, 7, 7, 7, 5, 3], 'e': [6, 4, 6, 3, 4, 4, 6, 4, 4, 6, 4, 4, 6, 6, 6, 4, 3, 3, 3, 4]}
gen=058 best_pred_acc=95.729 best_macs=110.89M spec={'r': 32, 'd': [4, 4, 4, 4, 2], 'ks': [7, 7, 5, 3, 5, 5, 7, 3, 7, 7, 7, 7, 3, 7, 5, 7, 7, 7, 5, 3], 'e': [6, 4, 6, 3, 4, 4, 6, 4, 4, 6, 4, 4, 6, 6, 6, 4, 3, 3, 3, 4]}
gen=059 best_pred_acc=95.729 best_macs=110.89M spec={'r': 32, 'd': [4, 4, 4, 4, 2], 'ks': [7, 7, 5, 3, 5, 5, 7, 3, 7, 7, 7, 7, 3, 7, 5, 7, 7, 7, 5, 3], 'e': [6, 4, 6, 3, 4, 4, 6, 4, 4, 6, 4, 4, 6, 6, 6, 4, 3, 3, 3, 4]}
gen=060 best_pred_acc=95.729 best_macs=110.89M spec={'r': 32, 'd': [4, 4, 4, 4, 2], 'ks': [7, 7, 5, 3, 5, 5, 7, 3, 7, 7, 7, 7, 3, 7, 5, 7, 7, 7, 5, 3], 'e': [6, 4, 6, 3, 4, 4, 6, 4, 4, 6, 4, 4, 6, 6, 6, 4, 3, 3, 3, 4]}
gen=061 best_pred_acc=95.729 best_macs=110.89M spec={'r': 32, 'd': [4, 4, 4, 4, 2], 'ks': [7, 7, 5, 3, 5, 5, 7, 3, 7, 7, 7, 7, 3, 7, 5, 7, 7, 7, 5, 3], 'e': [6, 4, 6, 3, 4, 4, 6, 4, 4, 6, 4, 4, 6, 6, 6, 4, 3, 3, 3, 4]}
gen=062 best_pred_acc=95.729 best_macs=110.89M spec={'r': 32, 'd': [4, 4, 4, 4, 2], 'ks': [7, 7, 5, 3, 5, 5, 7, 3, 7, 7, 7, 7, 3, 7, 5, 7, 7, 7, 5, 3], 'e': [6, 4, 6, 3, 4, 4, 6, 4, 4, 6, 4, 4, 6, 6, 6, 4, 3, 3, 3, 4]}
gen=063 best_pred_acc=95.729 best_macs=110.89M spec={'r': 32, 'd': [4, 4, 4, 4, 2], 'ks': [7, 7, 5, 3, 5, 5, 7, 3, 7, 7, 7, 7, 3, 7, 5, 7, 7, 7, 5, 3], 'e': [6, 4, 6, 3, 4, 4, 6, 4, 4, 6, 4, 4, 6, 6, 6, 4, 3, 3, 3, 4]}
gen=064 best_pred_acc=95.729 best_macs=110.89M spec={'r': 32, 'd': [4, 4, 4, 4, 2], 'ks': [7, 7, 5, 3, 5, 5, 7, 3, 7, 7, 7, 7, 3, 7, 5, 7, 7, 7, 5, 3], 'e': [6, 4, 6, 3, 4, 4, 6, 4, 4, 6, 4, 4, 6, 6, 6, 4, 3, 3, 3, 4]}
gen=065 best_pred_acc=95.729 best_macs=110.89M spec={'r': 32, 'd': [4, 4, 4, 4, 2], 'ks': [7, 7, 5, 3, 5, 5, 7, 3, 7, 7, 7, 7, 3, 7, 5, 7, 7, 7, 5, 3], 'e': [6, 4, 6, 3, 4, 4, 6, 4, 4, 6, 4, 4, 6, 6, 6, 4, 3, 3, 3, 4]}
gen=066 best_pred_acc=95.729 best_macs=110.89M spec={'r': 32, 'd': [4, 4, 4, 4, 2], 'ks': [7, 7, 5, 3, 5, 5, 7, 3, 7, 7, 7, 7, 3, 7, 5, 7, 7, 7, 5, 3], 'e': [6, 4, 6, 3, 4, 4, 6, 4, 4, 6, 4, 4, 6, 6, 6, 4, 3, 3, 3, 4]}
gen=067 best_pred_acc=95.729 best_macs=110.89M spec={'r': 32, 'd': [4, 4, 4, 4, 2], 'ks': [7, 7, 5, 3, 5, 5, 7, 3, 7, 7, 7, 7, 3, 7, 5, 7, 7, 7, 5, 3], 'e': [6, 4, 6, 3, 4, 4, 6, 4, 4, 6, 4, 4, 6, 6, 6, 4, 3, 3, 3, 4]}
gen=068 best_pred_acc=95.729 best_macs=110.89M spec={'r': 32, 'd': [4, 4, 4, 4, 2], 'ks': [7, 7, 5, 3, 5, 5, 7, 3, 7, 7, 7, 7, 3, 7, 5, 7, 7, 7, 5, 3], 'e': [6, 4, 6, 3, 4, 4, 6, 4, 4, 6, 4, 4, 6, 6, 6, 4, 3, 3, 3, 4]}
gen=069 best_pred_acc=95.744 best_macs=114.64M spec={'r': 32, 'd': [4, 4, 4, 4, 3], 'ks': [7, 7, 5, 3, 5, 5, 7, 3, 7, 7, 7, 7, 3, 7, 5, 7, 7, 7, 7, 7], 'e': [6, 4, 6, 3, 4, 4, 6, 4, 4, 6, 4, 4, 6, 6, 6, 4, 3, 3, 6, 3]}
gen=070 best_pred_acc=95.744 best_macs=114.64M spec={'r': 32, 'd': [4, 4, 4, 4, 3], 'ks': [7, 7, 5, 3, 5, 5, 7, 3, 7, 7, 7, 7, 3, 7, 5, 7, 7, 7, 7, 7], 'e': [6, 4, 6, 3, 4, 4, 6, 4, 4, 6, 4, 4, 6, 6, 6, 4, 3, 3, 6, 3]}
gen=071 best_pred_acc=95.744 best_macs=114.64M spec={'r': 32, 'd': [4, 4, 4, 4, 3], 'ks': [7, 7, 5, 3, 5, 5, 7, 3, 7, 7, 7, 7, 3, 7, 5, 7, 7, 7, 7, 7], 'e': [6, 4, 6, 3, 4, 4, 6, 4, 4, 6, 4, 4, 6, 6, 6, 4, 3, 3, 6, 3]}
gen=072 best_pred_acc=95.744 best_macs=114.64M spec={'r': 32, 'd': [4, 4, 4, 4, 3], 'ks': [7, 7, 5, 3, 5, 5, 7, 3, 7, 7, 7, 7, 3, 7, 5, 7, 7, 7, 7, 7], 'e': [6, 4, 6, 3, 4, 4, 6, 4, 4, 6, 4, 4, 6, 6, 6, 4, 3, 3, 6, 3]}
gen=073 best_pred_acc=95.744 best_macs=114.64M spec={'r': 32, 'd': [4, 4, 4, 4, 3], 'ks': [7, 7, 5, 3, 5, 5, 7, 3, 7, 7, 7, 7, 3, 7, 5, 7, 7, 7, 7, 7], 'e': [6, 4, 6, 3, 4, 4, 6, 4, 4, 6, 4, 4, 6, 6, 6, 4, 3, 3, 6, 3]}
gen=074 best_pred_acc=95.744 best_macs=114.64M spec={'r': 32, 'd': [4, 4, 4, 4, 3], 'ks': [7, 7, 5, 3, 5, 5, 7, 3, 7, 7, 7, 7, 3, 7, 5, 7, 7, 7, 7, 7], 'e': [6, 4, 6, 3, 4, 4, 6, 4, 4, 6, 4, 4, 6, 6, 6, 4, 3, 3, 6, 3]}
gen=075 best_pred_acc=95.744 best_macs=114.64M spec={'r': 32, 'd': [4, 4, 4, 4, 3], 'ks': [7, 7, 5, 3, 5, 5, 7, 3, 7, 7, 7, 7, 3, 7, 5, 7, 7, 7, 7, 7], 'e': [6, 4, 6, 3, 4, 4, 6, 4, 4, 6, 4, 4, 6, 6, 6, 4, 3, 3, 6, 3]}
gen=076 best_pred_acc=95.744 best_macs=114.64M spec={'r': 32, 'd': [4, 4, 4, 4, 3], 'ks': [7, 7, 5, 3, 5, 5, 7, 3, 7, 7, 7, 7, 3, 7, 5, 7, 7, 7, 7, 7], 'e': [6, 4, 6, 3, 4, 4, 6, 4, 4, 6, 4, 4, 6, 6, 6, 4, 3, 3, 6, 3]}
gen=077 best_pred_acc=95.744 best_macs=114.64M spec={'r': 32, 'd': [4, 4, 4, 4, 3], 'ks': [7, 7, 5, 3, 5, 5, 7, 3, 7, 7, 7, 7, 3, 7, 5, 7, 7, 7, 7, 7], 'e': [6, 4, 6, 3, 4, 4, 6, 4, 4, 6, 4, 4, 6, 6, 6, 4, 3, 3, 6, 3]}
gen=078 best_pred_acc=95.744 best_macs=114.64M spec={'r': 32, 'd': [4, 4, 4, 4, 3], 'ks': [7, 7, 5, 3, 5, 5, 7, 3, 7, 7, 7, 7, 3, 7, 5, 7, 7, 7, 7, 7], 'e': [6, 4, 6, 3, 4, 4, 6, 4, 4, 6, 4, 4, 6, 6, 6, 4, 3, 3, 6, 3]}
gen=079 best_pred_acc=95.744 best_macs=114.64M spec={'r': 32, 'd': [4, 4, 4, 4, 3], 'ks': [7, 7, 5, 3, 5, 5, 7, 3, 7, 7, 7, 7, 3, 7, 5, 7, 7, 7, 7, 7], 'e': [6, 4, 6, 3, 4, 4, 6, 4, 4, 6, 4, 4, 6, 6, 6, 4, 3, 3, 6, 3]}
gen=080 best_pred_acc=95.744 best_macs=114.64M spec={'r': 32, 'd': [4, 4, 4, 4, 3], 'ks': [7, 7, 5, 3, 5, 5, 7, 3, 7, 7, 7, 7, 3, 7, 5, 7, 7, 7, 7, 7], 'e': [6, 4, 6, 3, 4, 4, 6, 4, 4, 6, 4, 4, 6, 6, 6, 4, 3, 3, 6, 3]}
gen=081 best_pred_acc=95.744 best_macs=114.64M spec={'r': 32, 'd': [4, 4, 4, 4, 3], 'ks': [7, 7, 5, 3, 5, 5, 7, 3, 7, 7, 7, 7, 3, 7, 5, 7, 7, 7, 7, 7], 'e': [6, 4, 6, 3, 4, 4, 6, 4, 4, 6, 4, 4, 6, 6, 6, 4, 3, 3, 6, 3]}
gen=082 best_pred_acc=95.744 best_macs=114.64M spec={'r': 32, 'd': [4, 4, 4, 4, 3], 'ks': [7, 7, 5, 3, 5, 5, 7, 3, 7, 7, 7, 7, 3, 7, 5, 7, 7, 7, 7, 7], 'e': [6, 4, 6, 3, 4, 4, 6, 4, 4, 6, 4, 4, 6, 6, 6, 4, 3, 3, 6, 3]}
gen=083 best_pred_acc=95.744 best_macs=114.64M spec={'r': 32, 'd': [4, 4, 4, 4, 3], 'ks': [7, 7, 5, 3, 5, 5, 7, 3, 7, 7, 7, 7, 3, 7, 5, 7, 7, 7, 7, 7], 'e': [6, 4, 6, 3, 4, 4, 6, 4, 4, 6, 4, 4, 6, 6, 6, 4, 3, 3, 6, 3]}
gen=084 best_pred_acc=95.744 best_macs=114.64M spec={'r': 32, 'd': [4, 4, 4, 4, 3], 'ks': [7, 7, 5, 3, 5, 5, 7, 3, 7, 7, 7, 7, 3, 7, 5, 7, 7, 7, 7, 7], 'e': [6, 4, 6, 3, 4, 4, 6, 4, 4, 6, 4, 4, 6, 6, 6, 4, 3, 3, 6, 3]}
gen=085 best_pred_acc=95.744 best_macs=114.64M spec={'r': 32, 'd': [4, 4, 4, 4, 3], 'ks': [7, 7, 5, 3, 5, 5, 7, 3, 7, 7, 7, 7, 3, 7, 5, 7, 7, 7, 7, 7], 'e': [6, 4, 6, 3, 4, 4, 6, 4, 4, 6, 4, 4, 6, 6, 6, 4, 3, 3, 6, 3]}
gen=086 best_pred_acc=95.744 best_macs=114.64M spec={'r': 32, 'd': [4, 4, 4, 4, 3], 'ks': [7, 7, 5, 3, 5, 5, 7, 3, 7, 7, 7, 7, 3, 7, 5, 7, 7, 7, 7, 7], 'e': [6, 4, 6, 3, 4, 4, 6, 4, 4, 6, 4, 4, 6, 6, 6, 4, 3, 3, 6, 3]}
gen=087 best_pred_acc=95.744 best_macs=114.64M spec={'r': 32, 'd': [4, 4, 4, 4, 3], 'ks': [7, 7, 5, 3, 5, 5, 7, 3, 7, 7, 7, 7, 3, 7, 5, 7, 7, 7, 7, 7], 'e': [6, 4, 6, 3, 4, 4, 6, 4, 4, 6, 4, 4, 6, 6, 6, 4, 3, 3, 6, 3]}
gen=088 best_pred_acc=95.744 best_macs=114.64M spec={'r': 32, 'd': [4, 4, 4, 4, 3], 'ks': [7, 7, 5, 3, 5, 5, 7, 3, 7, 7, 7, 7, 3, 7, 5, 7, 7, 7, 7, 7], 'e': [6, 4, 6, 3, 4, 4, 6, 4, 4, 6, 4, 4, 6, 6, 6, 4, 3, 3, 6, 3]}
gen=089 best_pred_acc=95.744 best_macs=114.64M spec={'r': 32, 'd': [4, 4, 4, 4, 3], 'ks': [7, 7, 5, 3, 5, 5, 7, 3, 7, 7, 7, 7, 3, 7, 5, 7, 7, 7, 7, 7], 'e': [6, 4, 6, 3, 4, 4, 6, 4, 4, 6, 4, 4, 6, 6, 6, 4, 3, 3, 6, 3]}
gen=090 best_pred_acc=95.744 best_macs=114.64M spec={'r': 32, 'd': [4, 4, 4, 4, 3], 'ks': [7, 7, 5, 3, 5, 5, 7, 3, 7, 7, 7, 7, 3, 7, 5, 7, 7, 7, 7, 7], 'e': [6, 4, 6, 3, 4, 4, 6, 4, 4, 6, 4, 4, 6, 6, 6, 4, 3, 3, 6, 3]}
gen=091 best_pred_acc=95.744 best_macs=114.64M spec={'r': 32, 'd': [4, 4, 4, 4, 3], 'ks': [7, 7, 5, 3, 5, 5, 7, 3, 7, 7, 7, 7, 3, 7, 5, 7, 7, 7, 7, 7], 'e': [6, 4, 6, 3, 4, 4, 6, 4, 4, 6, 4, 4, 6, 6, 6, 4, 3, 3, 6, 3]}
gen=092 best_pred_acc=95.744 best_macs=114.64M spec={'r': 32, 'd': [4, 4, 4, 4, 3], 'ks': [7, 7, 5, 3, 5, 5, 7, 3, 7, 7, 7, 7, 3, 7, 5, 7, 7, 7, 7, 7], 'e': [6, 4, 6, 3, 4, 4, 6, 4, 4, 6, 4, 4, 6, 6, 6, 4, 3, 3, 6, 3]}
gen=093 best_pred_acc=95.744 best_macs=114.64M spec={'r': 32, 'd': [4, 4, 4, 4, 3], 'ks': [7, 7, 5, 3, 5, 5, 7, 3, 7, 7, 7, 7, 3, 7, 5, 7, 7, 7, 7, 7], 'e': [6, 4, 6, 3, 4, 4, 6, 4, 4, 6, 4, 4, 6, 6, 6, 4, 3, 3, 6, 3]}
gen=094 best_pred_acc=95.744 best_macs=114.64M spec={'r': 32, 'd': [4, 4, 4, 4, 3], 'ks': [7, 7, 5, 3, 5, 5, 7, 3, 7, 7, 7, 7, 3, 7, 5, 7, 7, 7, 7, 7], 'e': [6, 4, 6, 3, 4, 4, 6, 4, 4, 6, 4, 4, 6, 6, 6, 4, 3, 3, 6, 3]}
gen=095 best_pred_acc=95.744 best_macs=114.64M spec={'r': 32, 'd': [4, 4, 4, 4, 3], 'ks': [7, 7, 5, 3, 5, 5, 7, 3, 7, 7, 7, 7, 3, 7, 5, 7, 7, 7, 7, 7], 'e': [6, 4, 6, 3, 4, 4, 6, 4, 4, 6, 4, 4, 6, 6, 6, 4, 3, 3, 6, 3]}
gen=096 best_pred_acc=95.744 best_macs=114.64M spec={'r': 32, 'd': [4, 4, 4, 4, 3], 'ks': [7, 7, 5, 3, 5, 5, 7, 3, 7, 7, 7, 7, 3, 7, 5, 7, 7, 7, 7, 7], 'e': [6, 4, 6, 3, 4, 4, 6, 4, 4, 6, 4, 4, 6, 6, 6, 4, 3, 3, 6, 3]}
gen=097 best_pred_acc=95.744 best_macs=114.64M spec={'r': 32, 'd': [4, 4, 4, 4, 3], 'ks': [7, 7, 5, 3, 5, 5, 7, 3, 7, 7, 7, 7, 3, 7, 5, 7, 7, 7, 7, 7], 'e': [6, 4, 6, 3, 4, 4, 6, 4, 4, 6, 4, 4, 6, 6, 6, 4, 3, 3, 6, 3]}
gen=098 best_pred_acc=95.744 best_macs=114.64M spec={'r': 32, 'd': [4, 4, 4, 4, 3], 'ks': [7, 7, 5, 3, 5, 5, 7, 3, 7, 7, 7, 7, 3, 7, 5, 7, 7, 7, 7, 7], 'e': [6, 4, 6, 3, 4, 4, 6, 4, 4, 6, 4, 4, 6, 6, 6, 4, 3, 3, 6, 3]}
gen=099 best_pred_acc=95.744 best_macs=114.64M spec={'r': 32, 'd': [4, 4, 4, 4, 3], 'ks': [7, 7, 5, 3, 5, 5, 7, 3, 7, 7, 7, 7, 3, 7, 5, 7, 7, 7, 7, 7], 'e': [6, 4, 6, 3, 4, 4, 6, 4, 4, 6, 4, 4, 6, 6, 6, 4, 3, 3, 6, 3]}
gen=100 best_pred_acc=95.744 best_macs=114.64M spec={'r': 32, 'd': [4, 4, 4, 4, 3], 'ks': [7, 7, 5, 3, 5, 5, 7, 3, 7, 7, 7, 7, 3, 7, 5, 7, 7, 7, 7, 7], 'e': [6, 4, 6, 3, 4, 4, 6, 4, 4, 6, 4, 4, 6, 6, 6, 4, 3, 3, 6, 3]}
gen=101 best_pred_acc=95.744 best_macs=114.64M spec={'r': 32, 'd': [4, 4, 4, 4, 3], 'ks': [7, 7, 5, 3, 5, 5, 7, 3, 7, 7, 7, 7, 3, 7, 5, 7, 7, 7, 7, 7], 'e': [6, 4, 6, 3, 4, 4, 6, 4, 4, 6, 4, 4, 6, 6, 6, 4, 3, 3, 6, 3]}
gen=102 best_pred_acc=95.744 best_macs=114.64M spec={'r': 32, 'd': [4, 4, 4, 4, 3], 'ks': [7, 7, 5, 3, 5, 5, 7, 3, 7, 7, 7, 7, 3, 7, 5, 7, 7, 7, 7, 7], 'e': [6, 4, 6, 3, 4, 4, 6, 4, 4, 6, 4, 4, 6, 6, 6, 4, 3, 3, 6, 3]}
gen=103 best_pred_acc=95.744 best_macs=114.64M spec={'r': 32, 'd': [4, 4, 4, 4, 3], 'ks': [7, 7, 5, 3, 5, 5, 7, 3, 7, 7, 7, 7, 3, 7, 5, 7, 7, 7, 7, 7], 'e': [6, 4, 6, 3, 4, 4, 6, 4, 4, 6, 4, 4, 6, 6, 6, 4, 3, 3, 6, 3]}
gen=104 best_pred_acc=95.744 best_macs=114.64M spec={'r': 32, 'd': [4, 4, 4, 4, 3], 'ks': [7, 7, 5, 3, 5, 5, 7, 3, 7, 7, 7, 7, 3, 7, 5, 7, 7, 7, 7, 7], 'e': [6, 4, 6, 3, 4, 4, 6, 4, 4, 6, 4, 4, 6, 6, 6, 4, 3, 3, 6, 3]}
gen=105 best_pred_acc=95.744 best_macs=114.64M spec={'r': 32, 'd': [4, 4, 4, 4, 3], 'ks': [7, 7, 5, 3, 5, 5, 7, 3, 7, 7, 7, 7, 3, 7, 5, 7, 7, 7, 7, 7], 'e': [6, 4, 6, 3, 4, 4, 6, 4, 4, 6, 4, 4, 6, 6, 6, 4, 3, 3, 6, 3]}
gen=106 best_pred_acc=95.744 best_macs=114.64M spec={'r': 32, 'd': [4, 4, 4, 4, 3], 'ks': [7, 7, 5, 3, 5, 5, 7, 3, 7, 7, 7, 7, 3, 7, 5, 7, 7, 7, 7, 7], 'e': [6, 4, 6, 3, 4, 4, 6, 4, 4, 6, 4, 4, 6, 6, 6, 4, 3, 3, 6, 3]}
gen=107 best_pred_acc=95.744 best_macs=114.64M spec={'r': 32, 'd': [4, 4, 4, 4, 3], 'ks': [7, 7, 5, 3, 5, 5, 7, 3, 7, 7, 7, 7, 3, 7, 5, 7, 7, 7, 7, 7], 'e': [6, 4, 6, 3, 4, 4, 6, 4, 4, 6, 4, 4, 6, 6, 6, 4, 3, 3, 6, 3]}
gen=108 best_pred_acc=95.744 best_macs=114.64M spec={'r': 32, 'd': [4, 4, 4, 4, 3], 'ks': [7, 7, 5, 3, 5, 5, 7, 3, 7, 7, 7, 7, 3, 7, 5, 7, 7, 7, 7, 7], 'e': [6, 4, 6, 3, 4, 4, 6, 4, 4, 6, 4, 4, 6, 6, 6, 4, 3, 3, 6, 3]}
gen=109 best_pred_acc=95.744 best_macs=114.64M spec={'r': 32, 'd': [4, 4, 4, 4, 3], 'ks': [7, 7, 5, 3, 5, 5, 7, 3, 7, 7, 7, 7, 3, 7, 5, 7, 7, 7, 7, 7], 'e': [6, 4, 6, 3, 4, 4, 6, 4, 4, 6, 4, 4, 6, 6, 6, 4, 3, 3, 6, 3]}
gen=110 best_pred_acc=95.744 best_macs=114.64M spec={'r': 32, 'd': [4, 4, 4, 4, 3], 'ks': [7, 7, 5, 3, 5, 5, 7, 3, 7, 7, 7, 7, 3, 7, 5, 7, 7, 7, 7, 7], 'e': [6, 4, 6, 3, 4, 4, 6, 4, 4, 6, 4, 4, 6, 6, 6, 4, 3, 3, 6, 3]}
gen=111 best_pred_acc=95.744 best_macs=114.64M spec={'r': 32, 'd': [4, 4, 4, 4, 3], 'ks': [7, 7, 5, 3, 5, 5, 7, 3, 7, 7, 7, 7, 3, 7, 5, 7, 7, 7, 7, 7], 'e': [6, 4, 6, 3, 4, 4, 6, 4, 4, 6, 4, 4, 6, 6, 6, 4, 3, 3, 6, 3]}
gen=112 best_pred_acc=95.744 best_macs=114.64M spec={'r': 32, 'd': [4, 4, 4, 4, 3], 'ks': [7, 7, 5, 3, 5, 5, 7, 3, 7, 7, 7, 7, 3, 7, 5, 7, 7, 7, 7, 7], 'e': [6, 4, 6, 3, 4, 4, 6, 4, 4, 6, 4, 4, 6, 6, 6, 4, 3, 3, 6, 3]}
gen=113 best_pred_acc=95.744 best_macs=114.64M spec={'r': 32, 'd': [4, 4, 4, 4, 3], 'ks': [7, 7, 5, 3, 5, 5, 7, 3, 7, 7, 7, 7, 3, 7, 5, 7, 7, 7, 7, 7], 'e': [6, 4, 6, 3, 4, 4, 6, 4, 4, 6, 4, 4, 6, 6, 6, 4, 3, 3, 6, 3]}
gen=114 best_pred_acc=95.744 best_macs=114.64M spec={'r': 32, 'd': [4, 4, 4, 4, 3], 'ks': [7, 7, 5, 3, 5, 5, 7, 3, 7, 7, 7, 7, 3, 7, 5, 7, 7, 7, 7, 7], 'e': [6, 4, 6, 3, 4, 4, 6, 4, 4, 6, 4, 4, 6, 6, 6, 4, 3, 3, 6, 3]}
gen=115 best_pred_acc=95.744 best_macs=114.64M spec={'r': 32, 'd': [4, 4, 4, 4, 3], 'ks': [7, 7, 5, 3, 5, 5, 7, 3, 7, 7, 7, 7, 3, 7, 5, 7, 7, 7, 7, 7], 'e': [6, 4, 6, 3, 4, 4, 6, 4, 4, 6, 4, 4, 6, 6, 6, 4, 3, 3, 6, 3]}
gen=116 best_pred_acc=95.744 best_macs=114.64M spec={'r': 32, 'd': [4, 4, 4, 4, 3], 'ks': [7, 7, 5, 3, 5, 5, 7, 3, 7, 7, 7, 7, 3, 7, 5, 7, 7, 7, 7, 7], 'e': [6, 4, 6, 3, 4, 4, 6, 4, 4, 6, 4, 4, 6, 6, 6, 4, 3, 3, 6, 3]}
gen=117 best_pred_acc=95.744 best_macs=114.64M spec={'r': 32, 'd': [4, 4, 4, 4, 3], 'ks': [7, 7, 5, 3, 5, 5, 7, 3, 7, 7, 7, 7, 3, 7, 5, 7, 7, 7, 7, 7], 'e': [6, 4, 6, 3, 4, 4, 6, 4, 4, 6, 4, 4, 6, 6, 6, 4, 3, 3, 6, 3]}
gen=118 best_pred_acc=95.744 best_macs=114.64M spec={'r': 32, 'd': [4, 4, 4, 4, 3], 'ks': [7, 7, 5, 3, 5, 5, 7, 3, 7, 7, 7, 7, 3, 7, 5, 7, 7, 7, 7, 7], 'e': [6, 4, 6, 3, 4, 4, 6, 4, 4, 6, 4, 4, 6, 6, 6, 4, 3, 3, 6, 3]}
gen=119 best_pred_acc=95.744 best_macs=114.64M spec={'r': 32, 'd': [4, 4, 4, 4, 3], 'ks': [7, 7, 5, 3, 5, 5, 7, 3, 7, 7, 7, 7, 3, 7, 5, 7, 7, 7, 7, 7], 'e': [6, 4, 6, 3, 4, 4, 6, 4, 4, 6, 4, 4, 6, 6, 6, 4, 3, 3, 6, 3]}
gen=120 best_pred_acc=95.744 best_macs=114.64M spec={'r': 32, 'd': [4, 4, 4, 4, 3], 'ks': [7, 7, 5, 3, 5, 5, 7, 3, 7, 7, 7, 7, 3, 7, 5, 7, 7, 7, 7, 7], 'e': [6, 4, 6, 3, 4, 4, 6, 4, 4, 6, 4, 4, 6, 6, 6, 4, 3, 3, 6, 3]}
gen=121 best_pred_acc=95.744 best_macs=114.64M spec={'r': 32, 'd': [4, 4, 4, 4, 3], 'ks': [7, 7, 5, 3, 5, 5, 7, 3, 7, 7, 7, 7, 3, 7, 5, 7, 7, 7, 7, 7], 'e': [6, 4, 6, 3, 4, 4, 6, 4, 4, 6, 4, 4, 6, 6, 6, 4, 3, 3, 6, 3]}
gen=122 best_pred_acc=95.744 best_macs=114.64M spec={'r': 32, 'd': [4, 4, 4, 4, 3], 'ks': [7, 7, 5, 3, 5, 5, 7, 3, 7, 7, 7, 7, 3, 7, 5, 7, 7, 7, 7, 7], 'e': [6, 4, 6, 3, 4, 4, 6, 4, 4, 6, 4, 4, 6, 6, 6, 4, 3, 3, 6, 3]}
gen=123 best_pred_acc=95.744 best_macs=114.64M spec={'r': 32, 'd': [4, 4, 4, 4, 3], 'ks': [7, 7, 5, 3, 5, 5, 7, 3, 7, 7, 7, 7, 3, 7, 5, 7, 7, 7, 7, 7], 'e': [6, 4, 6, 3, 4, 4, 6, 4, 4, 6, 4, 4, 6, 6, 6, 4, 3, 3, 6, 3]}
gen=124 best_pred_acc=95.744 best_macs=114.64M spec={'r': 32, 'd': [4, 4, 4, 4, 3], 'ks': [7, 7, 5, 3, 5, 5, 7, 3, 7, 7, 7, 7, 3, 7, 5, 7, 7, 7, 7, 7], 'e': [6, 4, 6, 3, 4, 4, 6, 4, 4, 6, 4, 4, 6, 6, 6, 4, 3, 3, 6, 3]}
gen=125 best_pred_acc=95.744 best_macs=114.64M spec={'r': 32, 'd': [4, 4, 4, 4, 3], 'ks': [7, 7, 5, 3, 5, 5, 7, 3, 7, 7, 7, 7, 3, 7, 5, 7, 7, 7, 7, 7], 'e': [6, 4, 6, 3, 4, 4, 6, 4, 4, 6, 4, 4, 6, 6, 6, 4, 3, 3, 6, 3]}
gen=126 best_pred_acc=95.744 best_macs=114.64M spec={'r': 32, 'd': [4, 4, 4, 4, 3], 'ks': [7, 7, 5, 3, 5, 5, 7, 3, 7, 7, 7, 7, 3, 7, 5, 7, 7, 7, 7, 7], 'e': [6, 4, 6, 3, 4, 4, 6, 4, 4, 6, 4, 4, 6, 6, 6, 4, 3, 3, 6, 3]}
gen=127 best_pred_acc=95.744 best_macs=114.64M spec={'r': 32, 'd': [4, 4, 4, 4, 3], 'ks': [7, 7, 5, 3, 5, 5, 7, 3, 7, 7, 7, 7, 3, 7, 5, 7, 7, 7, 7, 7], 'e': [6, 4, 6, 3, 4, 4, 6, 4, 4, 6, 4, 4, 6, 6, 6, 4, 3, 3, 6, 3]}
gen=128 best_pred_acc=95.744 best_macs=114.64M spec={'r': 32, 'd': [4, 4, 4, 4, 3], 'ks': [7, 7, 5, 3, 5, 5, 7, 3, 7, 7, 7, 7, 3, 7, 5, 7, 7, 7, 7, 7], 'e': [6, 4, 6, 3, 4, 4, 6, 4, 4, 6, 4, 4, 6, 6, 6, 4, 3, 3, 6, 3]}
gen=129 best_pred_acc=95.744 best_macs=114.64M spec={'r': 32, 'd': [4, 4, 4, 4, 3], 'ks': [7, 7, 5, 3, 5, 5, 7, 3, 7, 7, 7, 7, 3, 7, 5, 7, 7, 7, 7, 7], 'e': [6, 4, 6, 3, 4, 4, 6, 4, 4, 6, 4, 4, 6, 6, 6, 4, 3, 3, 6, 3]}
gen=130 best_pred_acc=95.744 best_macs=114.64M spec={'r': 32, 'd': [4, 4, 4, 4, 3], 'ks': [7, 7, 5, 3, 5, 5, 7, 3, 7, 7, 7, 7, 3, 7, 5, 7, 7, 7, 7, 7], 'e': [6, 4, 6, 3, 4, 4, 6, 4, 4, 6, 4, 4, 6, 6, 6, 4, 3, 3, 6, 3]}
gen=131 best_pred_acc=95.785 best_macs=118.39M spec={'r': 32, 'd': [4, 4, 4, 4, 4], 'ks': [7, 7, 5, 3, 5, 5, 7, 3, 7, 7, 7, 7, 3, 7, 5, 7, 7, 7, 7, 7], 'e': [6, 4, 6, 3, 4, 4, 6, 4, 4, 6, 4, 4, 6, 6, 6, 4, 3, 3, 6, 6]}
gen=132 best_pred_acc=95.785 best_macs=118.39M spec={'r': 32, 'd': [4, 4, 4, 4, 4], 'ks': [7, 7, 5, 3, 5, 5, 7, 3, 7, 7, 7, 7, 3, 7, 5, 7, 7, 7, 7, 7], 'e': [6, 4, 6, 3, 4, 4, 6, 4, 4, 6, 4, 4, 6, 6, 6, 4, 3, 3, 6, 6]}
gen=133 best_pred_acc=95.785 best_macs=118.39M spec={'r': 32, 'd': [4, 4, 4, 4, 4], 'ks': [7, 7, 5, 3, 5, 5, 7, 3, 7, 7, 7, 7, 3, 7, 5, 7, 7, 7, 7, 7], 'e': [6, 4, 6, 3, 4, 4, 6, 4, 4, 6, 4, 4, 6, 6, 6, 4, 3, 3, 6, 6]}
gen=134 best_pred_acc=95.785 best_macs=118.39M spec={'r': 32, 'd': [4, 4, 4, 4, 4], 'ks': [7, 7, 5, 3, 5, 5, 7, 3, 7, 7, 7, 7, 3, 7, 5, 7, 7, 7, 7, 7], 'e': [6, 4, 6, 3, 4, 4, 6, 4, 4, 6, 4, 4, 6, 6, 6, 4, 3, 3, 6, 6]}
gen=135 best_pred_acc=95.785 best_macs=118.39M spec={'r': 32, 'd': [4, 4, 4, 4, 4], 'ks': [7, 7, 5, 3, 5, 5, 7, 3, 7, 7, 7, 7, 3, 7, 5, 7, 7, 7, 7, 7], 'e': [6, 4, 6, 3, 4, 4, 6, 4, 4, 6, 4, 4, 6, 6, 6, 4, 3, 3, 6, 6]}
gen=136 best_pred_acc=95.785 best_macs=118.39M spec={'r': 32, 'd': [4, 4, 4, 4, 4], 'ks': [7, 7, 5, 3, 5, 5, 7, 3, 7, 7, 7, 7, 3, 7, 5, 7, 7, 7, 7, 7], 'e': [6, 4, 6, 3, 4, 4, 6, 4, 4, 6, 4, 4, 6, 6, 6, 4, 3, 3, 6, 6]}
gen=137 best_pred_acc=95.785 best_macs=118.39M spec={'r': 32, 'd': [4, 4, 4, 4, 4], 'ks': [7, 7, 5, 3, 5, 5, 7, 3, 7, 7, 7, 7, 3, 7, 5, 7, 7, 7, 7, 7], 'e': [6, 4, 6, 3, 4, 4, 6, 4, 4, 6, 4, 4, 6, 6, 6, 4, 3, 3, 6, 6]}
gen=138 best_pred_acc=95.785 best_macs=118.39M spec={'r': 32, 'd': [4, 4, 4, 4, 4], 'ks': [7, 7, 5, 3, 5, 5, 7, 3, 7, 7, 7, 7, 3, 7, 5, 7, 7, 7, 7, 7], 'e': [6, 4, 6, 3, 4, 4, 6, 4, 4, 6, 4, 4, 6, 6, 6, 4, 3, 3, 6, 6]}
gen=139 best_pred_acc=95.785 best_macs=118.39M spec={'r': 32, 'd': [4, 4, 4, 4, 4], 'ks': [7, 7, 5, 3, 5, 5, 7, 3, 7, 7, 7, 7, 3, 7, 5, 7, 7, 7, 7, 7], 'e': [6, 4, 6, 3, 4, 4, 6, 4, 4, 6, 4, 4, 6, 6, 6, 4, 3, 3, 6, 6]}
gen=140 best_pred_acc=95.785 best_macs=118.39M spec={'r': 32, 'd': [4, 4, 4, 4, 4], 'ks': [7, 7, 5, 3, 5, 5, 7, 3, 7, 7, 7, 7, 3, 7, 5, 7, 7, 7, 7, 7], 'e': [6, 4, 6, 3, 4, 4, 6, 4, 4, 6, 4, 4, 6, 6, 6, 4, 3, 3, 6, 6]}
gen=141 best_pred_acc=95.785 best_macs=118.39M spec={'r': 32, 'd': [4, 4, 4, 4, 4], 'ks': [7, 7, 5, 3, 5, 5, 7, 3, 7, 7, 7, 7, 3, 7, 5, 7, 7, 7, 7, 7], 'e': [6, 4, 6, 3, 4, 4, 6, 4, 4, 6, 4, 4, 6, 6, 6, 4, 3, 3, 6, 6]}
gen=142 best_pred_acc=95.785 best_macs=118.39M spec={'r': 32, 'd': [4, 4, 4, 4, 4], 'ks': [7, 7, 5, 3, 5, 5, 7, 3, 7, 7, 7, 7, 3, 7, 5, 7, 7, 7, 7, 7], 'e': [6, 4, 6, 3, 4, 4, 6, 4, 4, 6, 4, 4, 6, 6, 6, 4, 3, 3, 6, 6]}
gen=143 best_pred_acc=95.785 best_macs=118.39M spec={'r': 32, 'd': [4, 4, 4, 4, 4], 'ks': [7, 7, 5, 3, 5, 5, 7, 3, 7, 7, 7, 7, 3, 7, 5, 7, 7, 7, 7, 7], 'e': [6, 4, 6, 3, 4, 4, 6, 4, 4, 6, 4, 4, 6, 6, 6, 4, 3, 3, 6, 6]}
gen=144 best_pred_acc=95.785 best_macs=118.39M spec={'r': 32, 'd': [4, 4, 4, 4, 4], 'ks': [7, 7, 5, 3, 5, 5, 7, 3, 7, 7, 7, 7, 3, 7, 5, 7, 7, 7, 7, 7], 'e': [6, 4, 6, 3, 4, 4, 6, 4, 4, 6, 4, 4, 6, 6, 6, 4, 3, 3, 6, 6]}
gen=145 best_pred_acc=95.785 best_macs=118.39M spec={'r': 32, 'd': [4, 4, 4, 4, 4], 'ks': [7, 7, 5, 3, 5, 5, 7, 3, 7, 7, 7, 7, 3, 7, 5, 7, 7, 7, 7, 7], 'e': [6, 4, 6, 3, 4, 4, 6, 4, 4, 6, 4, 4, 6, 6, 6, 4, 3, 3, 6, 6]}
gen=146 best_pred_acc=95.785 best_macs=118.39M spec={'r': 32, 'd': [4, 4, 4, 4, 4], 'ks': [7, 7, 5, 3, 5, 5, 7, 3, 7, 7, 7, 7, 3, 7, 5, 7, 7, 7, 7, 7], 'e': [6, 4, 6, 3, 4, 4, 6, 4, 4, 6, 4, 4, 6, 6, 6, 4, 3, 3, 6, 6]}
gen=147 best_pred_acc=95.785 best_macs=118.39M spec={'r': 32, 'd': [4, 4, 4, 4, 4], 'ks': [7, 7, 5, 3, 5, 5, 7, 3, 7, 7, 7, 7, 3, 7, 5, 7, 7, 7, 7, 7], 'e': [6, 4, 6, 3, 4, 4, 6, 4, 4, 6, 4, 4, 6, 6, 6, 4, 3, 3, 6, 6]}
gen=148 best_pred_acc=95.785 best_macs=118.39M spec={'r': 32, 'd': [4, 4, 4, 4, 4], 'ks': [7, 7, 5, 3, 5, 5, 7, 3, 7, 7, 7, 7, 3, 7, 5, 7, 7, 7, 7, 7], 'e': [6, 4, 6, 3, 4, 4, 6, 4, 4, 6, 4, 4, 6, 6, 6, 4, 3, 3, 6, 6]}
gen=149 best_pred_acc=95.785 best_macs=118.39M spec={'r': 32, 'd': [4, 4, 4, 4, 4], 'ks': [7, 7, 5, 3, 5, 5, 7, 3, 7, 7, 7, 7, 3, 7, 5, 7, 7, 7, 7, 7], 'e': [6, 4, 6, 3, 4, 4, 6, 4, 4, 6, 4, 4, 6, 6, 6, 4, 3, 3, 6, 6]}
gen=150 best_pred_acc=95.785 best_macs=118.39M spec={'r': 32, 'd': [4, 4, 4, 4, 4], 'ks': [7, 7, 5, 3, 5, 5, 7, 3, 7, 7, 7, 7, 3, 7, 5, 7, 7, 7, 7, 7], 'e': [6, 4, 6, 3, 4, 4, 6, 4, 4, 6, 4, 4, 6, 6, 6, 4, 3, 3, 6, 6]}
gen=151 best_pred_acc=95.785 best_macs=118.39M spec={'r': 32, 'd': [4, 4, 4, 4, 4], 'ks': [7, 7, 5, 3, 5, 5, 7, 3, 7, 7, 7, 7, 3, 7, 5, 7, 7, 7, 7, 7], 'e': [6, 4, 6, 3, 4, 4, 6, 4, 4, 6, 4, 4, 6, 6, 6, 4, 3, 3, 6, 6]}
gen=152 best_pred_acc=95.785 best_macs=118.39M spec={'r': 32, 'd': [4, 4, 4, 4, 4], 'ks': [7, 7, 5, 3, 5, 5, 7, 3, 7, 7, 7, 7, 3, 7, 5, 7, 7, 7, 7, 7], 'e': [6, 4, 6, 3, 4, 4, 6, 4, 4, 6, 4, 4, 6, 6, 6, 4, 3, 3, 6, 6]}
gen=153 best_pred_acc=95.785 best_macs=118.39M spec={'r': 32, 'd': [4, 4, 4, 4, 4], 'ks': [7, 7, 5, 3, 5, 5, 7, 3, 7, 7, 7, 7, 3, 7, 5, 7, 7, 7, 7, 7], 'e': [6, 4, 6, 3, 4, 4, 6, 4, 4, 6, 4, 4, 6, 6, 6, 4, 3, 3, 6, 6]}
gen=154 best_pred_acc=95.785 best_macs=118.39M spec={'r': 32, 'd': [4, 4, 4, 4, 4], 'ks': [7, 7, 5, 3, 5, 5, 7, 3, 7, 7, 7, 7, 3, 7, 5, 7, 7, 7, 7, 7], 'e': [6, 4, 6, 3, 4, 4, 6, 4, 4, 6, 4, 4, 6, 6, 6, 4, 3, 3, 6, 6]}
gen=155 best_pred_acc=95.785 best_macs=118.39M spec={'r': 32, 'd': [4, 4, 4, 4, 4], 'ks': [7, 7, 5, 3, 5, 5, 7, 3, 7, 7, 7, 7, 3, 7, 5, 7, 7, 7, 7, 7], 'e': [6, 4, 6, 3, 4, 4, 6, 4, 4, 6, 4, 4, 6, 6, 6, 4, 3, 3, 6, 6]}
gen=156 best_pred_acc=95.785 best_macs=118.39M spec={'r': 32, 'd': [4, 4, 4, 4, 4], 'ks': [7, 7, 5, 3, 5, 5, 7, 3, 7, 7, 7, 7, 3, 7, 5, 7, 7, 7, 7, 7], 'e': [6, 4, 6, 3, 4, 4, 6, 4, 4, 6, 4, 4, 6, 6, 6, 4, 3, 3, 6, 6]}
gen=157 best_pred_acc=95.785 best_macs=118.39M spec={'r': 32, 'd': [4, 4, 4, 4, 4], 'ks': [7, 7, 5, 3, 5, 5, 7, 3, 7, 7, 7, 7, 3, 7, 5, 7, 7, 7, 7, 7], 'e': [6, 4, 6, 3, 4, 4, 6, 4, 4, 6, 4, 4, 6, 6, 6, 4, 3, 3, 6, 6]}
gen=158 best_pred_acc=95.785 best_macs=118.39M spec={'r': 32, 'd': [4, 4, 4, 4, 4], 'ks': [7, 7, 5, 3, 5, 5, 7, 3, 7, 7, 7, 7, 3, 7, 5, 7, 7, 7, 7, 7], 'e': [6, 4, 6, 3, 4, 4, 6, 4, 4, 6, 4, 4, 6, 6, 6, 4, 3, 3, 6, 6]}
gen=159 best_pred_acc=95.785 best_macs=118.39M spec={'r': 32, 'd': [4, 4, 4, 4, 4], 'ks': [7, 7, 5, 3, 5, 5, 7, 3, 7, 7, 7, 7, 3, 7, 5, 7, 7, 7, 7, 7], 'e': [6, 4, 6, 3, 4, 4, 6, 4, 4, 6, 4, 4, 6, 6, 6, 4, 3, 3, 6, 6]}
gen=160 best_pred_acc=95.785 best_macs=118.39M spec={'r': 32, 'd': [4, 4, 4, 4, 4], 'ks': [7, 7, 5, 3, 5, 5, 7, 3, 7, 7, 7, 7, 3, 7, 5, 7, 7, 7, 7, 7], 'e': [6, 4, 6, 3, 4, 4, 6, 4, 4, 6, 4, 4, 6, 6, 6, 4, 3, 3, 6, 6]}
gen=161 best_pred_acc=95.785 best_macs=118.39M spec={'r': 32, 'd': [4, 4, 4, 4, 4], 'ks': [7, 7, 5, 3, 5, 5, 7, 3, 7, 7, 7, 7, 3, 7, 5, 7, 7, 7, 7, 7], 'e': [6, 4, 6, 3, 4, 4, 6, 4, 4, 6, 4, 4, 6, 6, 6, 4, 3, 3, 6, 6]}
gen=162 best_pred_acc=95.785 best_macs=118.39M spec={'r': 32, 'd': [4, 4, 4, 4, 4], 'ks': [7, 7, 5, 3, 5, 5, 7, 3, 7, 7, 7, 7, 3, 7, 5, 7, 7, 7, 7, 7], 'e': [6, 4, 6, 3, 4, 4, 6, 4, 4, 6, 4, 4, 6, 6, 6, 4, 3, 3, 6, 6]}
gen=163 best_pred_acc=95.785 best_macs=118.39M spec={'r': 32, 'd': [4, 4, 4, 4, 4], 'ks': [7, 7, 5, 3, 5, 5, 7, 3, 7, 7, 7, 7, 3, 7, 5, 7, 7, 7, 7, 7], 'e': [6, 4, 6, 3, 4, 4, 6, 4, 4, 6, 4, 4, 6, 6, 6, 4, 3, 3, 6, 6]}
gen=164 best_pred_acc=95.785 best_macs=118.39M spec={'r': 32, 'd': [4, 4, 4, 4, 4], 'ks': [7, 7, 5, 3, 5, 5, 7, 3, 7, 7, 7, 7, 3, 7, 5, 7, 7, 7, 7, 7], 'e': [6, 4, 6, 3, 4, 4, 6, 4, 4, 6, 4, 4, 6, 6, 6, 4, 3, 3, 6, 6]}
gen=165 best_pred_acc=95.785 best_macs=118.39M spec={'r': 32, 'd': [4, 4, 4, 4, 4], 'ks': [7, 7, 5, 3, 5, 5, 7, 3, 7, 7, 7, 7, 3, 7, 5, 7, 7, 7, 7, 7], 'e': [6, 4, 6, 3, 4, 4, 6, 4, 4, 6, 4, 4, 6, 6, 6, 4, 3, 3, 6, 6]}
gen=166 best_pred_acc=95.785 best_macs=118.39M spec={'r': 32, 'd': [4, 4, 4, 4, 4], 'ks': [7, 7, 5, 3, 5, 5, 7, 3, 7, 7, 7, 7, 3, 7, 5, 7, 7, 7, 7, 7], 'e': [6, 4, 6, 3, 4, 4, 6, 4, 4, 6, 4, 4, 6, 6, 6, 4, 3, 3, 6, 6]}
gen=167 best_pred_acc=95.785 best_macs=118.39M spec={'r': 32, 'd': [4, 4, 4, 4, 4], 'ks': [7, 7, 5, 3, 5, 5, 7, 3, 7, 7, 7, 7, 3, 7, 5, 7, 7, 7, 7, 7], 'e': [6, 4, 6, 3, 4, 4, 6, 4, 4, 6, 4, 4, 6, 6, 6, 4, 3, 3, 6, 6]}
gen=168 best_pred_acc=95.785 best_macs=118.39M spec={'r': 32, 'd': [4, 4, 4, 4, 4], 'ks': [7, 7, 5, 3, 5, 5, 7, 3, 7, 7, 7, 7, 3, 7, 5, 7, 7, 7, 7, 7], 'e': [6, 4, 6, 3, 4, 4, 6, 4, 4, 6, 4, 4, 6, 6, 6, 4, 3, 3, 6, 6]}
gen=169 best_pred_acc=95.785 best_macs=118.39M spec={'r': 32, 'd': [4, 4, 4, 4, 4], 'ks': [7, 7, 5, 3, 5, 5, 7, 3, 7, 7, 7, 7, 3, 7, 5, 7, 7, 7, 7, 7], 'e': [6, 4, 6, 3, 4, 4, 6, 4, 4, 6, 4, 4, 6, 6, 6, 4, 3, 3, 6, 6]}
gen=170 best_pred_acc=95.785 best_macs=118.39M spec={'r': 32, 'd': [4, 4, 4, 4, 4], 'ks': [7, 7, 5, 3, 5, 5, 7, 3, 7, 7, 7, 7, 3, 7, 5, 7, 7, 7, 7, 7], 'e': [6, 4, 6, 3, 4, 4, 6, 4, 4, 6, 4, 4, 6, 6, 6, 4, 3, 3, 6, 6]}
gen=171 best_pred_acc=95.785 best_macs=118.39M spec={'r': 32, 'd': [4, 4, 4, 4, 4], 'ks': [7, 7, 5, 3, 5, 5, 7, 3, 7, 7, 7, 7, 3, 7, 5, 7, 7, 7, 7, 7], 'e': [6, 4, 6, 3, 4, 4, 6, 4, 4, 6, 4, 4, 6, 6, 6, 4, 3, 3, 6, 6]}
gen=172 best_pred_acc=95.785 best_macs=118.39M spec={'r': 32, 'd': [4, 4, 4, 4, 4], 'ks': [7, 7, 5, 3, 5, 5, 7, 3, 7, 7, 7, 7, 3, 7, 5, 7, 7, 7, 7, 7], 'e': [6, 4, 6, 3, 4, 4, 6, 4, 4, 6, 4, 4, 6, 6, 6, 4, 3, 3, 6, 6]}
gen=173 best_pred_acc=95.785 best_macs=118.39M spec={'r': 32, 'd': [4, 4, 4, 4, 4], 'ks': [7, 7, 5, 3, 5, 5, 7, 3, 7, 7, 7, 7, 3, 7, 5, 7, 7, 7, 7, 7], 'e': [6, 4, 6, 3, 4, 4, 6, 4, 4, 6, 4, 4, 6, 6, 6, 4, 3, 3, 6, 6]}
gen=174 best_pred_acc=95.785 best_macs=118.39M spec={'r': 32, 'd': [4, 4, 4, 4, 4], 'ks': [7, 7, 5, 3, 5, 5, 7, 3, 7, 7, 7, 7, 3, 7, 5, 7, 7, 7, 7, 7], 'e': [6, 4, 6, 3, 4, 4, 6, 4, 4, 6, 4, 4, 6, 6, 6, 4, 3, 3, 6, 6]}
gen=175 best_pred_acc=95.785 best_macs=118.39M spec={'r': 32, 'd': [4, 4, 4, 4, 4], 'ks': [7, 7, 5, 3, 5, 5, 7, 3, 7, 7, 7, 7, 3, 7, 5, 7, 7, 7, 7, 7], 'e': [6, 4, 6, 3, 4, 4, 6, 4, 4, 6, 4, 4, 6, 6, 6, 4, 3, 3, 6, 6]}
gen=176 best_pred_acc=95.785 best_macs=118.39M spec={'r': 32, 'd': [4, 4, 4, 4, 4], 'ks': [7, 7, 5, 3, 5, 5, 7, 3, 7, 7, 7, 7, 3, 7, 5, 7, 7, 7, 7, 7], 'e': [6, 4, 6, 3, 4, 4, 6, 4, 4, 6, 4, 4, 6, 6, 6, 4, 3, 3, 6, 6]}
gen=177 best_pred_acc=95.785 best_macs=118.39M spec={'r': 32, 'd': [4, 4, 4, 4, 4], 'ks': [7, 7, 5, 3, 5, 5, 7, 3, 7, 7, 7, 7, 3, 7, 5, 7, 7, 7, 7, 7], 'e': [6, 4, 6, 3, 4, 4, 6, 4, 4, 6, 4, 4, 6, 6, 6, 4, 3, 3, 6, 6]}
gen=178 best_pred_acc=95.785 best_macs=118.39M spec={'r': 32, 'd': [4, 4, 4, 4, 4], 'ks': [7, 7, 5, 3, 5, 5, 7, 3, 7, 7, 7, 7, 3, 7, 5, 7, 7, 7, 7, 7], 'e': [6, 4, 6, 3, 4, 4, 6, 4, 4, 6, 4, 4, 6, 6, 6, 4, 3, 3, 6, 6]}
gen=179 best_pred_acc=95.785 best_macs=118.39M spec={'r': 32, 'd': [4, 4, 4, 4, 4], 'ks': [7, 7, 5, 3, 5, 5, 7, 3, 7, 7, 7, 7, 3, 7, 5, 7, 7, 7, 7, 7], 'e': [6, 4, 6, 3, 4, 4, 6, 4, 4, 6, 4, 4, 6, 6, 6, 4, 3, 3, 6, 6]}
gen=180 best_pred_acc=95.785 best_macs=118.39M spec={'r': 32, 'd': [4, 4, 4, 4, 4], 'ks': [7, 7, 5, 3, 5, 5, 7, 3, 7, 7, 7, 7, 3, 7, 5, 7, 7, 7, 7, 7], 'e': [6, 4, 6, 3, 4, 4, 6, 4, 4, 6, 4, 4, 6, 6, 6, 4, 3, 3, 6, 6]}
gen=181 best_pred_acc=95.785 best_macs=118.39M spec={'r': 32, 'd': [4, 4, 4, 4, 4], 'ks': [7, 7, 5, 3, 5, 5, 7, 3, 7, 7, 7, 7, 3, 7, 5, 7, 7, 7, 7, 7], 'e': [6, 4, 6, 3, 4, 4, 6, 4, 4, 6, 4, 4, 6, 6, 6, 4, 3, 3, 6, 6]}
gen=182 best_pred_acc=95.785 best_macs=118.39M spec={'r': 32, 'd': [4, 4, 4, 4, 4], 'ks': [7, 7, 5, 3, 5, 5, 7, 3, 7, 7, 7, 7, 3, 7, 5, 7, 7, 7, 7, 7], 'e': [6, 4, 6, 3, 4, 4, 6, 4, 4, 6, 4, 4, 6, 6, 6, 4, 3, 3, 6, 6]}
gen=183 best_pred_acc=95.785 best_macs=118.39M spec={'r': 32, 'd': [4, 4, 4, 4, 4], 'ks': [7, 7, 5, 3, 5, 5, 7, 3, 7, 7, 7, 7, 3, 7, 5, 7, 7, 7, 7, 7], 'e': [6, 4, 6, 3, 4, 4, 6, 4, 4, 6, 4, 4, 6, 6, 6, 4, 3, 3, 6, 6]}
gen=184 best_pred_acc=95.785 best_macs=118.39M spec={'r': 32, 'd': [4, 4, 4, 4, 4], 'ks': [7, 7, 5, 3, 5, 5, 7, 3, 7, 7, 7, 7, 3, 7, 5, 7, 7, 7, 7, 7], 'e': [6, 4, 6, 3, 4, 4, 6, 4, 4, 6, 4, 4, 6, 6, 6, 4, 3, 3, 6, 6]}
gen=185 best_pred_acc=95.785 best_macs=118.39M spec={'r': 32, 'd': [4, 4, 4, 4, 4], 'ks': [7, 7, 5, 3, 5, 5, 7, 3, 7, 7, 7, 7, 3, 7, 5, 7, 7, 7, 7, 7], 'e': [6, 4, 6, 3, 4, 4, 6, 4, 4, 6, 4, 4, 6, 6, 6, 4, 3, 3, 6, 6]}
gen=186 best_pred_acc=95.785 best_macs=118.39M spec={'r': 32, 'd': [4, 4, 4, 4, 4], 'ks': [7, 7, 5, 3, 5, 5, 7, 3, 7, 7, 7, 7, 3, 7, 5, 7, 7, 7, 7, 7], 'e': [6, 4, 6, 3, 4, 4, 6, 4, 4, 6, 4, 4, 6, 6, 6, 4, 3, 3, 6, 6]}
gen=187 best_pred_acc=95.785 best_macs=118.39M spec={'r': 32, 'd': [4, 4, 4, 4, 4], 'ks': [7, 7, 5, 3, 5, 5, 7, 3, 7, 7, 7, 7, 3, 7, 5, 7, 7, 7, 7, 7], 'e': [6, 4, 6, 3, 4, 4, 6, 4, 4, 6, 4, 4, 6, 6, 6, 4, 3, 3, 6, 6]}
gen=188 best_pred_acc=95.785 best_macs=118.39M spec={'r': 32, 'd': [4, 4, 4, 4, 4], 'ks': [7, 7, 5, 3, 5, 5, 7, 3, 7, 7, 7, 7, 3, 7, 5, 7, 7, 7, 7, 7], 'e': [6, 4, 6, 3, 4, 4, 6, 4, 4, 6, 4, 4, 6, 6, 6, 4, 3, 3, 6, 6]}
gen=189 best_pred_acc=95.785 best_macs=118.39M spec={'r': 32, 'd': [4, 4, 4, 4, 4], 'ks': [7, 7, 5, 3, 5, 5, 7, 3, 7, 7, 7, 7, 3, 7, 5, 7, 7, 7, 7, 7], 'e': [6, 4, 6, 3, 4, 4, 6, 4, 4, 6, 4, 4, 6, 6, 6, 4, 3, 3, 6, 6]}
gen=190 best_pred_acc=95.785 best_macs=118.39M spec={'r': 32, 'd': [4, 4, 4, 4, 4], 'ks': [7, 7, 5, 3, 5, 5, 7, 3, 7, 7, 7, 7, 3, 7, 5, 7, 7, 7, 7, 7], 'e': [6, 4, 6, 3, 4, 4, 6, 4, 4, 6, 4, 4, 6, 6, 6, 4, 3, 3, 6, 6]}
gen=191 best_pred_acc=95.785 best_macs=118.39M spec={'r': 32, 'd': [4, 4, 4, 4, 4], 'ks': [7, 7, 5, 3, 5, 5, 7, 3, 7, 7, 7, 7, 3, 7, 5, 7, 7, 7, 7, 7], 'e': [6, 4, 6, 3, 4, 4, 6, 4, 4, 6, 4, 4, 6, 6, 6, 4, 3, 3, 6, 6]}
gen=192 best_pred_acc=95.785 best_macs=118.39M spec={'r': 32, 'd': [4, 4, 4, 4, 4], 'ks': [7, 7, 5, 3, 5, 5, 7, 3, 7, 7, 7, 7, 3, 7, 5, 7, 7, 7, 7, 7], 'e': [6, 4, 6, 3, 4, 4, 6, 4, 4, 6, 4, 4, 6, 6, 6, 4, 3, 3, 6, 6]}
gen=193 best_pred_acc=95.785 best_macs=118.39M spec={'r': 32, 'd': [4, 4, 4, 4, 4], 'ks': [7, 7, 5, 3, 5, 5, 7, 3, 7, 7, 7, 7, 3, 7, 5, 7, 7, 7, 7, 7], 'e': [6, 4, 6, 3, 4, 4, 6, 4, 4, 6, 4, 4, 6, 6, 6, 4, 3, 3, 6, 6]}
gen=194 best_pred_acc=95.785 best_macs=118.39M spec={'r': 32, 'd': [4, 4, 4, 4, 4], 'ks': [7, 7, 5, 3, 5, 5, 7, 3, 7, 7, 7, 7, 3, 7, 5, 7, 7, 7, 7, 7], 'e': [6, 4, 6, 3, 4, 4, 6, 4, 4, 6, 4, 4, 6, 6, 6, 4, 3, 3, 6, 6]}
gen=195 best_pred_acc=95.785 best_macs=118.39M spec={'r': 32, 'd': [4, 4, 4, 4, 4], 'ks': [7, 7, 5, 3, 5, 5, 7, 3, 7, 7, 7, 7, 3, 7, 5, 7, 7, 7, 7, 7], 'e': [6, 4, 6, 3, 4, 4, 6, 4, 4, 6, 4, 4, 6, 6, 6, 4, 3, 3, 6, 6]}
gen=196 best_pred_acc=95.785 best_macs=118.39M spec={'r': 32, 'd': [4, 4, 4, 4, 4], 'ks': [7, 7, 5, 3, 5, 5, 7, 3, 7, 7, 7, 7, 3, 7, 5, 7, 7, 7, 7, 7], 'e': [6, 4, 6, 3, 4, 4, 6, 4, 4, 6, 4, 4, 6, 6, 6, 4, 3, 3, 6, 6]}
gen=197 best_pred_acc=95.785 best_macs=118.39M spec={'r': 32, 'd': [4, 4, 4, 4, 4], 'ks': [7, 7, 5, 3, 5, 5, 7, 3, 7, 7, 7, 7, 3, 7, 5, 7, 7, 7, 7, 7], 'e': [6, 4, 6, 3, 4, 4, 6, 4, 4, 6, 4, 4, 6, 6, 6, 4, 3, 3, 6, 6]}
gen=198 best_pred_acc=95.785 best_macs=118.39M spec={'r': 32, 'd': [4, 4, 4, 4, 4], 'ks': [7, 7, 5, 3, 5, 5, 7, 3, 7, 7, 7, 7, 3, 7, 5, 7, 7, 7, 7, 7], 'e': [6, 4, 6, 3, 4, 4, 6, 4, 4, 6, 4, 4, 6, 6, 6, 4, 3, 3, 6, 6]}
gen=199 best_pred_acc=95.785 best_macs=118.39M spec={'r': 32, 'd': [4, 4, 4, 4, 4], 'ks': [7, 7, 5, 3, 5, 5, 7, 3, 7, 7, 7, 7, 3, 7, 5, 7, 7, 7, 7, 7], 'e': [6, 4, 6, 3, 4, 4, 6, 4, 4, 6, 4, 4, 6, 6, 6, 4, 3, 3, 6, 6]}
Saved best searched architecture to runs/ofa_kernel_transform_10h/search_120m/search/best_spec.json
