/home/gcaillaut/cv_ofa/ofa_cifar10_options.py:1430: FutureWarning: You are using `torch.load` with `weights_only=False` (the current default value), which uses the default pickle module implicitly. It is possible to construct malicious pickle data which will execute arbitrary code during unpickling (See https://github.com/pytorch/pytorch/blob/main/SECURITY.md#untrusted-models for more details). In a future release, the default value for `weights_only` will be flipped to `True`. This limits the functions that could be executed during unpickling. Arbitrary objects will no longer be allowed to be loaded via this mode unless they are explicitly allowlisted by the user via `torch.serialization.add_safe_globals`. We recommend you start setting `weights_only=True` for any use case where you don't have full control of the loaded file. Please open an issue on GitHub for any issues related to this experimental feature.
  ckpt = torch.load(path, map_location=device)
gen=000 best_pred_acc=93.641 best_macs=70.14M spec={'r': 28, 'd': [4, 2, 4, 2, 2], 'ks': [7, 5, 7, 5, 5, 7, 7, 3, 5, 5, 5, 5, 7, 5, 3, 5, 7, 5, 3, 5], 'e': [4, 4, 4, 4, 6, 6, 4, 3, 6, 4, 4, 4, 3, 3, 6, 6, 4, 3, 4, 3]}
gen=001 best_pred_acc=94.042 best_macs=72.00M spec={'r': 32, 'd': [2, 3, 3, 3, 2], 'ks': [5, 5, 7, 5, 5, 7, 5, 5, 5, 5, 5, 3, 7, 3, 5, 5, 5, 3, 5, 7], 'e': [6, 4, 4, 3, 6, 6, 3, 3, 4, 6, 6, 4, 6, 3, 6, 4, 3, 6, 3, 3]}
gen=002 best_pred_acc=94.105 best_macs=77.29M spec={'r': 32, 'd': [2, 3, 3, 3, 3], 'ks': [5, 7, 7, 5, 5, 7, 5, 5, 5, 5, 5, 3, 7, 3, 5, 5, 7, 3, 5, 7], 'e': [6, 4, 4, 3, 6, 6, 3, 6, 4, 6, 6, 4, 6, 4, 6, 4, 3, 6, 3, 6]}
gen=003 best_pred_acc=94.271 best_macs=78.55M spec={'r': 32, 'd': [3, 3, 4, 3, 2], 'ks': [5, 7, 3, 3, 3, 7, 5, 5, 5, 7, 7, 3, 5, 5, 5, 7, 3, 5, 7, 7], 'e': [6, 4, 3, 6, 6, 4, 4, 4, 4, 6, 4, 3, 6, 3, 3, 6, 4, 3, 4, 3]}
gen=004 best_pred_acc=94.301 best_macs=69.82M spec={'r': 32, 'd': [2, 3, 4, 3, 3], 'ks': [5, 5, 7, 3, 5, 7, 3, 5, 5, 7, 7, 5, 3, 5, 3, 5, 7, 5, 5, 5], 'e': [4, 6, 6, 6, 4, 4, 4, 6, 4, 6, 4, 4, 4, 3, 4, 4, 6, 3, 3, 4]}
gen=005 best_pred_acc=94.390 best_macs=74.73M spec={'r': 32, 'd': [2, 4, 4, 3, 2], 'ks': [5, 5, 3, 3, 3, 7, 5, 3, 5, 7, 7, 3, 5, 5, 5, 7, 3, 7, 7, 7], 'e': [4, 4, 6, 3, 6, 4, 4, 6, 4, 6, 4, 3, 6, 3, 3, 6, 6, 6, 4, 3]}
gen=006 best_pred_acc=94.585 best_macs=74.35M spec={'r': 32, 'd': [2, 4, 4, 2, 2], 'ks': [7, 5, 3, 3, 5, 5, 3, 3, 5, 7, 7, 3, 5, 5, 5, 5, 3, 7, 7, 5], 'e': [4, 4, 6, 3, 6, 6, 4, 4, 4, 6, 4, 4, 4, 4, 3, 4, 3, 6, 6, 4]}
gen=007 best_pred_acc=94.585 best_macs=74.35M spec={'r': 32, 'd': [2, 4, 4, 2, 2], 'ks': [7, 5, 3, 3, 5, 5, 3, 3, 5, 7, 7, 3, 5, 5, 5, 5, 3, 7, 7, 5], 'e': [4, 4, 6, 3, 6, 6, 4, 4, 4, 6, 4, 4, 4, 4, 3, 4, 3, 6, 6, 4]}
gen=008 best_pred_acc=94.613 best_macs=79.58M spec={'r': 32, 'd': [2, 4, 4, 2, 2], 'ks': [7, 5, 7, 3, 5, 7, 5, 3, 5, 7, 7, 3, 5, 5, 5, 5, 3, 5, 5, 3], 'e': [4, 4, 6, 3, 6, 6, 6, 4, 4, 6, 4, 4, 4, 4, 3, 6, 3, 6, 6, 3]}
gen=009 best_pred_acc=94.727 best_macs=77.88M spec={'r': 32, 'd': [2, 4, 4, 3, 2], 'ks': [7, 5, 3, 3, 7, 7, 5, 3, 5, 7, 7, 3, 3, 5, 5, 3, 3, 7, 5, 5], 'e': [4, 4, 4, 3, 6, 6, 4, 4, 4, 6, 4, 4, 6, 4, 3, 3, 3, 3, 3, 4]}
gen=010 best_pred_acc=94.748 best_macs=79.06M spec={'r': 32, 'd': [2, 4, 4, 3, 2], 'ks': [7, 5, 3, 3, 7, 7, 7, 3, 5, 7, 7, 3, 3, 5, 5, 3, 3, 7, 5, 5], 'e': [4, 4, 4, 3, 6, 6, 4, 4, 4, 6, 4, 4, 6, 4, 3, 3, 3, 3, 3, 4]}
gen=011 best_pred_acc=94.773 best_macs=77.72M spec={'r': 32, 'd': [2, 4, 4, 2, 3], 'ks': [5, 5, 3, 3, 5, 7, 5, 3, 5, 7, 7, 3, 3, 3, 3, 5, 3, 5, 5, 3], 'e': [4, 4, 4, 3, 6, 6, 4, 4, 4, 6, 4, 3, 6, 4, 3, 4, 3, 6, 6, 4]}
gen=012 best_pred_acc=94.779 best_macs=79.23M spec={'r': 32, 'd': [2, 4, 4, 3, 2], 'ks': [5, 7, 3, 3, 5, 7, 5, 5, 7, 7, 7, 3, 7, 5, 5, 5, 3, 7, 5, 3], 'e': [6, 4, 6, 3, 6, 4, 4, 4, 4, 6, 4, 4, 6, 4, 3, 3, 3, 3, 6, 4]}
gen=013 best_pred_acc=94.805 best_macs=77.92M spec={'r': 32, 'd': [2, 4, 4, 2, 2], 'ks': [7, 5, 3, 3, 7, 7, 7, 3, 5, 7, 7, 3, 3, 5, 5, 5, 3, 5, 5, 5], 'e': [4, 4, 3, 6, 6, 6, 4, 4, 4, 6, 4, 4, 6, 4, 3, 3, 3, 3, 6, 4]}
gen=014 best_pred_acc=94.819 best_macs=77.99M spec={'r': 32, 'd': [2, 4, 4, 2, 2], 'ks': [7, 5, 5, 5, 7, 7, 3, 3, 7, 7, 7, 3, 3, 5, 3, 3, 3, 7, 5, 5], 'e': [6, 4, 4, 6, 6, 4, 4, 4, 4, 6, 4, 4, 6, 4, 3, 3, 3, 3, 3, 3]}
gen=015 best_pred_acc=94.825 best_macs=78.06M spec={'r': 32, 'd': [2, 4, 4, 2, 2], 'ks': [7, 5, 3, 3, 7, 7, 7, 3, 5, 7, 7, 3, 3, 5, 5, 5, 3, 7, 5, 5], 'e': [4, 4, 6, 3, 6, 6, 4, 4, 4, 6, 4, 4, 6, 4, 3, 3, 3, 3, 6, 4]}
gen=016 best_pred_acc=94.927 best_macs=79.95M spec={'r': 32, 'd': [2, 4, 4, 2, 2], 'ks': [7, 5, 5, 5, 7, 7, 7, 3, 7, 7, 7, 3, 3, 5, 3, 3, 3, 7, 5, 5], 'e': [6, 4, 3, 6, 6, 4, 4, 4, 4, 6, 4, 4, 6, 4, 3, 3, 3, 3, 3, 3]}
gen=017 best_pred_acc=94.968 best_macs=77.79M spec={'r': 32, 'd': [2, 4, 4, 4, 2], 'ks': [7, 5, 3, 5, 5, 7, 5, 3, 5, 7, 7, 3, 3, 3, 5, 5, 3, 5, 5, 5], 'e': [4, 4, 6, 3, 6, 6, 4, 4, 4, 6, 4, 4, 6, 4, 4, 3, 3, 3, 3, 3]}
gen=018 best_pred_acc=94.968 best_macs=77.79M spec={'r': 32, 'd': [2, 4, 4, 4, 2], 'ks': [7, 5, 3, 5, 5, 7, 5, 3, 5, 7, 7, 3, 3, 3, 5, 5, 3, 5, 5, 5], 'e': [4, 4, 6, 3, 6, 6, 4, 4, 4, 6, 4, 4, 6, 4, 4, 3, 3, 3, 3, 3]}
gen=019 best_pred_acc=94.968 best_macs=77.79M spec={'r': 32, 'd': [2, 4, 4, 4, 2], 'ks': [7, 5, 3, 5, 5, 7, 5, 3, 5, 7, 7, 3, 3, 3, 5, 5, 3, 5, 5, 5], 'e': [4, 4, 6, 3, 6, 6, 4, 4, 4, 6, 4, 4, 6, 4, 4, 3, 3, 3, 3, 3]}
gen=020 best_pred_acc=94.968 best_macs=77.79M spec={'r': 32, 'd': [2, 4, 4, 4, 2], 'ks': [7, 5, 3, 5, 5, 7, 5, 3, 5, 7, 7, 3, 3, 3, 5, 5, 3, 5, 5, 5], 'e': [4, 4, 6, 3, 6, 6, 4, 4, 4, 6, 4, 4, 6, 4, 4, 3, 3, 3, 3, 3]}
gen=021 best_pred_acc=94.968 best_macs=77.79M spec={'r': 32, 'd': [2, 4, 4, 4, 2], 'ks': [7, 5, 3, 5, 5, 7, 5, 3, 5, 7, 7, 3, 3, 3, 5, 5, 3, 5, 5, 5], 'e': [4, 4, 6, 3, 6, 6, 4, 4, 4, 6, 4, 4, 6, 4, 4, 3, 3, 3, 3, 3]}
gen=022 best_pred_acc=94.968 best_macs=77.79M spec={'r': 32, 'd': [2, 4, 4, 4, 2], 'ks': [7, 5, 3, 5, 5, 7, 5, 3, 5, 7, 7, 3, 3, 3, 5, 5, 3, 5, 5, 5], 'e': [4, 4, 6, 3, 6, 6, 4, 4, 4, 6, 4, 4, 6, 4, 4, 3, 3, 3, 3, 3]}
gen=023 best_pred_acc=94.968 best_macs=77.79M spec={'r': 32, 'd': [2, 4, 4, 4, 2], 'ks': [7, 5, 3, 5, 5, 7, 5, 3, 5, 7, 7, 3, 3, 3, 5, 5, 3, 5, 5, 5], 'e': [4, 4, 6, 3, 6, 6, 4, 4, 4, 6, 4, 4, 6, 4, 4, 3, 3, 3, 3, 3]}
gen=024 best_pred_acc=94.975 best_macs=79.70M spec={'r': 32, 'd': [2, 4, 4, 4, 2], 'ks': [7, 5, 5, 5, 5, 7, 5, 5, 5, 7, 7, 3, 3, 3, 5, 5, 3, 5, 5, 5], 'e': [4, 4, 6, 3, 6, 6, 4, 4, 4, 6, 4, 6, 6, 4, 4, 3, 3, 3, 3, 3]}
gen=025 best_pred_acc=94.975 best_macs=79.70M spec={'r': 32, 'd': [2, 4, 4, 4, 2], 'ks': [7, 5, 5, 5, 5, 7, 5, 5, 5, 7, 7, 3, 3, 3, 5, 5, 3, 5, 5, 5], 'e': [4, 4, 6, 3, 6, 6, 4, 4, 4, 6, 4, 6, 6, 4, 4, 3, 3, 3, 3, 3]}
gen=026 best_pred_acc=94.975 best_macs=79.70M spec={'r': 32, 'd': [2, 4, 4, 4, 2], 'ks': [7, 5, 5, 5, 5, 7, 5, 5, 5, 7, 7, 3, 3, 3, 5, 5, 3, 5, 5, 5], 'e': [4, 4, 6, 3, 6, 6, 4, 4, 4, 6, 4, 6, 6, 4, 4, 3, 3, 3, 3, 3]}
gen=027 best_pred_acc=94.993 best_macs=78.69M spec={'r': 32, 'd': [2, 4, 4, 4, 2], 'ks': [7, 5, 5, 3, 5, 7, 5, 3, 5, 7, 7, 3, 3, 3, 3, 5, 3, 5, 5, 5], 'e': [4, 4, 6, 3, 6, 6, 4, 4, 4, 6, 4, 4, 6, 4, 4, 6, 3, 3, 3, 3]}
gen=028 best_pred_acc=94.993 best_macs=78.69M spec={'r': 32, 'd': [2, 4, 4, 4, 2], 'ks': [7, 5, 5, 3, 5, 7, 5, 3, 5, 7, 7, 3, 3, 3, 3, 5, 3, 5, 5, 5], 'e': [4, 4, 6, 3, 6, 6, 4, 4, 4, 6, 4, 4, 6, 4, 4, 6, 3, 3, 3, 3]}
gen=029 best_pred_acc=95.014 best_macs=78.07M spec={'r': 32, 'd': [2, 4, 4, 4, 3], 'ks': [7, 5, 5, 3, 5, 7, 5, 3, 5, 7, 7, 3, 3, 5, 5, 5, 3, 5, 7, 5], 'e': [4, 4, 6, 3, 6, 4, 4, 4, 4, 6, 4, 4, 6, 4, 4, 3, 3, 3, 6, 3]}
gen=030 best_pred_acc=95.039 best_macs=78.99M spec={'r': 32, 'd': [2, 4, 4, 4, 3], 'ks': [7, 5, 3, 3, 5, 5, 5, 3, 5, 7, 7, 3, 3, 3, 3, 5, 3, 7, 5, 5], 'e': [4, 4, 6, 3, 6, 6, 4, 4, 4, 6, 4, 4, 6, 6, 4, 3, 3, 3, 4, 3]}
gen=031 best_pred_acc=95.100 best_macs=78.58M spec={'r': 32, 'd': [2, 4, 4, 4, 3], 'ks': [7, 5, 5, 3, 5, 7, 5, 3, 5, 7, 7, 3, 3, 3, 3, 5, 3, 5, 5, 5], 'e': [4, 4, 6, 3, 6, 4, 4, 4, 4, 6, 4, 4, 6, 4, 4, 6, 3, 3, 6, 3]}
gen=032 best_pred_acc=95.151 best_macs=79.68M spec={'r': 32, 'd': [2, 4, 4, 4, 3], 'ks': [7, 5, 3, 5, 5, 7, 5, 3, 5, 7, 7, 5, 3, 3, 3, 5, 3, 5, 5, 5], 'e': [4, 4, 6, 3, 6, 6, 4, 4, 4, 6, 4, 4, 6, 4, 4, 3, 3, 3, 3, 4]}
gen=033 best_pred_acc=95.170 best_macs=79.64M spec={'r': 32, 'd': [2, 4, 4, 4, 3], 'ks': [7, 5, 5, 5, 5, 5, 5, 3, 5, 7, 7, 5, 3, 3, 3, 5, 3, 5, 5, 5], 'e': [4, 4, 6, 3, 6, 6, 4, 4, 4, 6, 4, 4, 6, 4, 4, 3, 3, 3, 6, 3]}
gen=034 best_pred_acc=95.171 best_macs=77.84M spec={'r': 32, 'd': [2, 4, 4, 4, 3], 'ks': [7, 5, 5, 3, 5, 7, 5, 3, 5, 7, 7, 5, 3, 3, 3, 5, 3, 5, 5, 5], 'e': [4, 4, 6, 3, 6, 4, 4, 4, 4, 6, 4, 4, 6, 4, 4, 3, 3, 3, 6, 3]}
gen=035 best_pred_acc=95.214 best_macs=79.79M spec={'r': 32, 'd': [2, 4, 4, 4, 3], 'ks': [7, 5, 7, 5, 5, 5, 5, 3, 5, 7, 7, 5, 3, 3, 3, 5, 3, 7, 5, 5], 'e': [4, 4, 6, 3, 6, 6, 4, 4, 4, 6, 4, 4, 6, 4, 4, 3, 3, 3, 6, 3]}
gen=036 best_pred_acc=95.214 best_macs=79.79M spec={'r': 32, 'd': [2, 4, 4, 4, 3], 'ks': [7, 5, 7, 5, 5, 5, 5, 3, 5, 7, 7, 5, 3, 3, 3, 5, 3, 7, 5, 5], 'e': [4, 4, 6, 3, 6, 6, 4, 4, 4, 6, 4, 4, 6, 4, 4, 3, 3, 3, 6, 3]}
gen=037 best_pred_acc=95.237 best_macs=76.81M spec={'r': 32, 'd': [2, 4, 4, 4, 3], 'ks': [7, 5, 7, 7, 5, 5, 5, 3, 5, 7, 7, 5, 3, 3, 3, 5, 3, 7, 5, 5], 'e': [4, 4, 6, 4, 6, 4, 4, 4, 4, 6, 4, 4, 6, 4, 4, 3, 3, 3, 6, 3]}
gen=038 best_pred_acc=95.237 best_macs=76.81M spec={'r': 32, 'd': [2, 4, 4, 4, 3], 'ks': [7, 5, 7, 7, 5, 5, 5, 3, 5, 7, 7, 5, 3, 3, 3, 5, 3, 7, 5, 5], 'e': [4, 4, 6, 4, 6, 4, 4, 4, 4, 6, 4, 4, 6, 4, 4, 3, 3, 3, 6, 3]}
gen=039 best_pred_acc=95.237 best_macs=76.57M spec={'r': 32, 'd': [2, 4, 4, 4, 3], 'ks': [7, 5, 3, 3, 5, 5, 5, 3, 5, 7, 7, 5, 3, 3, 3, 5, 3, 3, 5, 5], 'e': [4, 4, 6, 3, 6, 4, 4, 4, 4, 6, 4, 4, 6, 4, 4, 3, 3, 3, 6, 6]}
gen=040 best_pred_acc=95.269 best_macs=77.00M spec={'r': 32, 'd': [2, 4, 4, 4, 3], 'ks': [7, 5, 5, 5, 5, 5, 5, 3, 5, 7, 7, 5, 3, 3, 3, 5, 7, 7, 5, 5], 'e': [4, 4, 6, 3, 6, 4, 4, 4, 4, 6, 4, 4, 6, 4, 4, 3, 3, 3, 6, 4]}
gen=041 best_pred_acc=95.269 best_macs=77.00M spec={'r': 32, 'd': [2, 4, 4, 4, 3], 'ks': [7, 5, 5, 5, 5, 5, 5, 3, 5, 7, 7, 5, 3, 3, 3, 5, 7, 7, 5, 5], 'e': [4, 4, 6, 3, 6, 4, 4, 4, 4, 6, 4, 4, 6, 4, 4, 3, 3, 3, 6, 4]}
gen=042 best_pred_acc=95.289 best_macs=79.02M spec={'r': 32, 'd': [2, 4, 4, 4, 3], 'ks': [7, 5, 7, 5, 5, 5, 5, 3, 5, 7, 7, 5, 3, 3, 3, 5, 7, 7, 7, 5], 'e': [4, 4, 6, 4, 6, 4, 4, 4, 6, 6, 4, 4, 6, 4, 4, 3, 3, 3, 6, 3]}
gen=043 best_pred_acc=95.289 best_macs=79.02M spec={'r': 32, 'd': [2, 4, 4, 4, 3], 'ks': [7, 5, 7, 5, 5, 5, 5, 3, 5, 7, 7, 5, 3, 3, 3, 5, 7, 7, 7, 5], 'e': [4, 4, 6, 4, 6, 4, 4, 4, 6, 6, 4, 4, 6, 4, 4, 3, 3, 3, 6, 3]}
gen=044 best_pred_acc=95.289 best_macs=79.02M spec={'r': 32, 'd': [2, 4, 4, 4, 3], 'ks': [7, 5, 7, 5, 5, 5, 5, 3, 5, 7, 7, 5, 3, 3, 3, 5, 7, 7, 7, 5], 'e': [4, 4, 6, 4, 6, 4, 4, 4, 6, 6, 4, 4, 6, 4, 4, 3, 3, 3, 6, 3]}
gen=045 best_pred_acc=95.289 best_macs=79.02M spec={'r': 32, 'd': [2, 4, 4, 4, 3], 'ks': [7, 5, 7, 5, 5, 5, 5, 3, 5, 7, 7, 5, 3, 3, 3, 5, 7, 7, 7, 5], 'e': [4, 4, 6, 4, 6, 4, 4, 4, 6, 6, 4, 4, 6, 4, 4, 3, 3, 3, 6, 3]}
gen=046 best_pred_acc=95.294 best_macs=77.22M spec={'r': 32, 'd': [2, 4, 4, 4, 3], 'ks': [7, 5, 3, 3, 5, 5, 5, 3, 5, 7, 7, 5, 3, 3, 3, 3, 7, 7, 7, 5], 'e': [4, 4, 6, 6, 6, 4, 4, 4, 4, 6, 4, 4, 6, 4, 4, 3, 3, 3, 6, 4]}
gen=047 best_pred_acc=95.294 best_macs=77.22M spec={'r': 32, 'd': [2, 4, 4, 4, 3], 'ks': [7, 5, 3, 3, 5, 5, 5, 3, 5, 7, 7, 5, 3, 3, 3, 3, 7, 7, 7, 5], 'e': [4, 4, 6, 6, 6, 4, 4, 4, 4, 6, 4, 4, 6, 4, 4, 3, 3, 3, 6, 4]}
gen=048 best_pred_acc=95.294 best_macs=77.22M spec={'r': 32, 'd': [2, 4, 4, 4, 3], 'ks': [7, 5, 3, 3, 5, 5, 5, 3, 5, 7, 7, 5, 3, 3, 3, 3, 7, 7, 7, 5], 'e': [4, 4, 6, 6, 6, 4, 4, 4, 4, 6, 4, 4, 6, 4, 4, 3, 3, 3, 6, 4]}
gen=049 best_pred_acc=95.294 best_macs=77.22M spec={'r': 32, 'd': [2, 4, 4, 4, 3], 'ks': [7, 5, 3, 3, 5, 5, 5, 3, 5, 7, 7, 5, 3, 3, 3, 3, 7, 7, 7, 5], 'e': [4, 4, 6, 6, 6, 4, 4, 4, 4, 6, 4, 4, 6, 4, 4, 3, 3, 3, 6, 4]}
gen=050 best_pred_acc=95.294 best_macs=77.22M spec={'r': 32, 'd': [2, 4, 4, 4, 3], 'ks': [7, 5, 3, 3, 5, 5, 5, 3, 5, 7, 7, 5, 3, 3, 3, 3, 7, 7, 7, 5], 'e': [4, 4, 6, 6, 6, 4, 4, 4, 4, 6, 4, 4, 6, 4, 4, 3, 3, 3, 6, 4]}
gen=051 best_pred_acc=95.294 best_macs=77.22M spec={'r': 32, 'd': [2, 4, 4, 4, 3], 'ks': [7, 5, 3, 3, 5, 5, 5, 3, 5, 7, 7, 5, 3, 3, 3, 3, 7, 7, 7, 5], 'e': [4, 4, 6, 6, 6, 4, 4, 4, 4, 6, 4, 4, 6, 4, 4, 3, 3, 3, 6, 4]}
gen=052 best_pred_acc=95.297 best_macs=78.47M spec={'r': 32, 'd': [2, 4, 4, 4, 3], 'ks': [7, 5, 7, 5, 5, 5, 5, 3, 5, 7, 7, 5, 3, 3, 3, 3, 7, 7, 7, 5], 'e': [4, 4, 3, 3, 6, 4, 4, 4, 4, 6, 4, 6, 6, 4, 4, 3, 3, 3, 6, 3]}
gen=053 best_pred_acc=95.300 best_macs=76.97M spec={'r': 32, 'd': [2, 4, 4, 4, 3], 'ks': [7, 5, 3, 3, 5, 5, 5, 3, 5, 7, 7, 5, 3, 3, 3, 3, 7, 3, 7, 5], 'e': [4, 4, 4, 3, 6, 4, 4, 4, 4, 6, 4, 4, 6, 4, 4, 3, 3, 3, 6, 3]}
gen=054 best_pred_acc=95.300 best_macs=76.97M spec={'r': 32, 'd': [2, 4, 4, 4, 3], 'ks': [7, 5, 3, 3, 5, 5, 5, 3, 5, 7, 7, 5, 3, 3, 3, 3, 7, 3, 7, 5], 'e': [4, 4, 4, 3, 6, 4, 4, 4, 4, 6, 4, 4, 6, 4, 4, 3, 3, 3, 6, 3]}
gen=055 best_pred_acc=95.300 best_macs=76.97M spec={'r': 32, 'd': [2, 4, 4, 4, 3], 'ks': [7, 5, 3, 3, 5, 5, 5, 3, 5, 7, 7, 5, 3, 3, 3, 3, 7, 3, 7, 5], 'e': [4, 4, 4, 3, 6, 4, 4, 4, 4, 6, 4, 4, 6, 4, 4, 3, 3, 3, 6, 3]}
gen=056 best_pred_acc=95.300 best_macs=76.97M spec={'r': 32, 'd': [2, 4, 4, 4, 3], 'ks': [7, 5, 3, 3, 5, 5, 5, 3, 5, 7, 7, 5, 3, 3, 3, 3, 7, 3, 7, 5], 'e': [4, 4, 4, 3, 6, 4, 4, 4, 4, 6, 4, 4, 6, 4, 4, 3, 3, 3, 6, 3]}
gen=057 best_pred_acc=95.300 best_macs=76.97M spec={'r': 32, 'd': [2, 4, 4, 4, 3], 'ks': [7, 5, 3, 3, 5, 5, 5, 3, 5, 7, 7, 5, 3, 3, 3, 3, 7, 3, 7, 5], 'e': [4, 4, 4, 3, 6, 4, 4, 4, 4, 6, 4, 4, 6, 4, 4, 3, 3, 3, 6, 3]}
gen=058 best_pred_acc=95.300 best_macs=76.97M spec={'r': 32, 'd': [2, 4, 4, 4, 3], 'ks': [7, 5, 3, 3, 5, 5, 5, 3, 5, 7, 7, 5, 3, 3, 3, 3, 7, 3, 7, 5], 'e': [4, 4, 4, 3, 6, 4, 4, 4, 4, 6, 4, 4, 6, 4, 4, 3, 3, 3, 6, 3]}
gen=059 best_pred_acc=95.300 best_macs=76.97M spec={'r': 32, 'd': [2, 4, 4, 4, 3], 'ks': [7, 5, 3, 3, 5, 5, 5, 3, 5, 7, 7, 5, 3, 3, 3, 3, 7, 3, 7, 5], 'e': [4, 4, 4, 3, 6, 4, 4, 4, 4, 6, 4, 4, 6, 4, 4, 3, 3, 3, 6, 3]}
gen=060 best_pred_acc=95.300 best_macs=76.97M spec={'r': 32, 'd': [2, 4, 4, 4, 3], 'ks': [7, 5, 3, 3, 5, 5, 5, 3, 5, 7, 7, 5, 3, 3, 3, 3, 7, 3, 7, 5], 'e': [4, 4, 4, 3, 6, 4, 4, 4, 4, 6, 4, 4, 6, 4, 4, 3, 3, 3, 6, 3]}
gen=061 best_pred_acc=95.300 best_macs=76.97M spec={'r': 32, 'd': [2, 4, 4, 4, 3], 'ks': [7, 5, 3, 3, 5, 5, 5, 3, 5, 7, 7, 5, 3, 3, 3, 3, 7, 3, 7, 5], 'e': [4, 4, 4, 3, 6, 4, 4, 4, 4, 6, 4, 4, 6, 4, 4, 3, 3, 3, 6, 3]}
gen=062 best_pred_acc=95.300 best_macs=76.97M spec={'r': 32, 'd': [2, 4, 4, 4, 3], 'ks': [7, 5, 3, 3, 5, 5, 5, 3, 5, 7, 7, 5, 3, 3, 3, 3, 7, 3, 7, 5], 'e': [4, 4, 4, 3, 6, 4, 4, 4, 4, 6, 4, 4, 6, 4, 4, 3, 3, 3, 6, 3]}
gen=063 best_pred_acc=95.300 best_macs=76.97M spec={'r': 32, 'd': [2, 4, 4, 4, 3], 'ks': [7, 5, 3, 3, 5, 5, 5, 3, 5, 7, 7, 5, 3, 3, 3, 3, 7, 3, 7, 5], 'e': [4, 4, 4, 3, 6, 4, 4, 4, 4, 6, 4, 4, 6, 4, 4, 3, 3, 3, 6, 3]}
gen=064 best_pred_acc=95.300 best_macs=76.97M spec={'r': 32, 'd': [2, 4, 4, 4, 3], 'ks': [7, 5, 3, 3, 5, 5, 5, 3, 5, 7, 7, 5, 3, 3, 3, 3, 7, 3, 7, 5], 'e': [4, 4, 4, 3, 6, 4, 4, 4, 4, 6, 4, 4, 6, 4, 4, 3, 3, 3, 6, 3]}
gen=065 best_pred_acc=95.300 best_macs=76.97M spec={'r': 32, 'd': [2, 4, 4, 4, 3], 'ks': [7, 5, 3, 3, 5, 5, 5, 3, 5, 7, 7, 5, 3, 3, 3, 3, 7, 3, 7, 5], 'e': [4, 4, 4, 3, 6, 4, 4, 4, 4, 6, 4, 4, 6, 4, 4, 3, 3, 3, 6, 3]}
gen=066 best_pred_acc=95.300 best_macs=76.97M spec={'r': 32, 'd': [2, 4, 4, 4, 3], 'ks': [7, 5, 3, 3, 5, 5, 5, 3, 5, 7, 7, 5, 3, 3, 3, 3, 7, 3, 7, 5], 'e': [4, 4, 4, 3, 6, 4, 4, 4, 4, 6, 4, 4, 6, 4, 4, 3, 3, 3, 6, 3]}
gen=067 best_pred_acc=95.300 best_macs=76.97M spec={'r': 32, 'd': [2, 4, 4, 4, 3], 'ks': [7, 5, 3, 3, 5, 5, 5, 3, 5, 7, 7, 5, 3, 3, 3, 3, 7, 3, 7, 5], 'e': [4, 4, 4, 3, 6, 4, 4, 4, 4, 6, 4, 4, 6, 4, 4, 3, 3, 3, 6, 3]}
gen=068 best_pred_acc=95.300 best_macs=76.97M spec={'r': 32, 'd': [2, 4, 4, 4, 3], 'ks': [7, 5, 3, 3, 5, 5, 5, 3, 5, 7, 7, 5, 3, 3, 3, 3, 7, 3, 7, 5], 'e': [4, 4, 4, 3, 6, 4, 4, 4, 4, 6, 4, 4, 6, 4, 4, 3, 3, 3, 6, 3]}
gen=069 best_pred_acc=95.300 best_macs=76.97M spec={'r': 32, 'd': [2, 4, 4, 4, 3], 'ks': [7, 5, 3, 3, 5, 5, 5, 3, 5, 7, 7, 5, 3, 3, 3, 3, 7, 3, 7, 5], 'e': [4, 4, 4, 3, 6, 4, 4, 4, 4, 6, 4, 4, 6, 4, 4, 3, 3, 3, 6, 3]}
gen=070 best_pred_acc=95.300 best_macs=76.97M spec={'r': 32, 'd': [2, 4, 4, 4, 3], 'ks': [7, 5, 3, 3, 5, 5, 5, 3, 5, 7, 7, 5, 3, 3, 3, 3, 7, 3, 7, 5], 'e': [4, 4, 4, 3, 6, 4, 4, 4, 4, 6, 4, 4, 6, 4, 4, 3, 3, 3, 6, 3]}
gen=071 best_pred_acc=95.300 best_macs=76.97M spec={'r': 32, 'd': [2, 4, 4, 4, 3], 'ks': [7, 5, 3, 3, 5, 5, 5, 3, 5, 7, 7, 5, 3, 3, 3, 3, 7, 3, 7, 5], 'e': [4, 4, 4, 3, 6, 4, 4, 4, 4, 6, 4, 4, 6, 4, 4, 3, 3, 3, 6, 3]}
gen=072 best_pred_acc=95.300 best_macs=76.97M spec={'r': 32, 'd': [2, 4, 4, 4, 3], 'ks': [7, 5, 3, 3, 5, 5, 5, 3, 5, 7, 7, 5, 3, 3, 3, 3, 7, 3, 7, 5], 'e': [4, 4, 4, 3, 6, 4, 4, 4, 4, 6, 4, 4, 6, 4, 4, 3, 3, 3, 6, 3]}
gen=073 best_pred_acc=95.300 best_macs=76.97M spec={'r': 32, 'd': [2, 4, 4, 4, 3], 'ks': [7, 5, 3, 3, 5, 5, 5, 3, 5, 7, 7, 5, 3, 3, 3, 3, 7, 3, 7, 5], 'e': [4, 4, 4, 3, 6, 4, 4, 4, 4, 6, 4, 4, 6, 4, 4, 3, 3, 3, 6, 3]}
gen=074 best_pred_acc=95.300 best_macs=76.97M spec={'r': 32, 'd': [2, 4, 4, 4, 3], 'ks': [7, 5, 3, 3, 5, 5, 5, 3, 5, 7, 7, 5, 3, 3, 3, 3, 7, 3, 7, 5], 'e': [4, 4, 4, 3, 6, 4, 4, 4, 4, 6, 4, 4, 6, 4, 4, 3, 3, 3, 6, 3]}
gen=075 best_pred_acc=95.300 best_macs=76.97M spec={'r': 32, 'd': [2, 4, 4, 4, 3], 'ks': [7, 5, 3, 3, 5, 5, 5, 3, 5, 7, 7, 5, 3, 3, 3, 3, 7, 3, 7, 5], 'e': [4, 4, 4, 3, 6, 4, 4, 4, 4, 6, 4, 4, 6, 4, 4, 3, 3, 3, 6, 3]}
gen=076 best_pred_acc=95.300 best_macs=76.97M spec={'r': 32, 'd': [2, 4, 4, 4, 3], 'ks': [7, 5, 3, 3, 5, 5, 5, 3, 5, 7, 7, 5, 3, 3, 3, 3, 7, 3, 7, 5], 'e': [4, 4, 4, 3, 6, 4, 4, 4, 4, 6, 4, 4, 6, 4, 4, 3, 3, 3, 6, 3]}
gen=077 best_pred_acc=95.300 best_macs=76.97M spec={'r': 32, 'd': [2, 4, 4, 4, 3], 'ks': [7, 5, 3, 3, 5, 5, 5, 3, 5, 7, 7, 5, 3, 3, 3, 3, 7, 3, 7, 5], 'e': [4, 4, 4, 3, 6, 4, 4, 4, 4, 6, 4, 4, 6, 4, 4, 3, 3, 3, 6, 3]}
gen=078 best_pred_acc=95.300 best_macs=76.97M spec={'r': 32, 'd': [2, 4, 4, 4, 3], 'ks': [7, 5, 3, 3, 5, 5, 5, 3, 5, 7, 7, 5, 3, 3, 3, 3, 7, 3, 7, 5], 'e': [4, 4, 4, 3, 6, 4, 4, 4, 4, 6, 4, 4, 6, 4, 4, 3, 3, 3, 6, 3]}
gen=079 best_pred_acc=95.300 best_macs=76.97M spec={'r': 32, 'd': [2, 4, 4, 4, 3], 'ks': [7, 5, 3, 3, 5, 5, 5, 3, 5, 7, 7, 5, 3, 3, 3, 3, 7, 3, 7, 5], 'e': [4, 4, 4, 3, 6, 4, 4, 4, 4, 6, 4, 4, 6, 4, 4, 3, 3, 3, 6, 3]}
gen=080 best_pred_acc=95.300 best_macs=76.97M spec={'r': 32, 'd': [2, 4, 4, 4, 3], 'ks': [7, 5, 3, 3, 5, 5, 5, 3, 5, 7, 7, 5, 3, 3, 3, 3, 7, 3, 7, 5], 'e': [4, 4, 4, 3, 6, 4, 4, 4, 4, 6, 4, 4, 6, 4, 4, 3, 3, 3, 6, 3]}
gen=081 best_pred_acc=95.300 best_macs=76.97M spec={'r': 32, 'd': [2, 4, 4, 4, 3], 'ks': [7, 5, 3, 3, 5, 5, 5, 3, 5, 7, 7, 5, 3, 3, 3, 3, 7, 3, 7, 5], 'e': [4, 4, 4, 3, 6, 4, 4, 4, 4, 6, 4, 4, 6, 4, 4, 3, 3, 3, 6, 3]}
gen=082 best_pred_acc=95.300 best_macs=76.97M spec={'r': 32, 'd': [2, 4, 4, 4, 3], 'ks': [7, 5, 3, 3, 5, 5, 5, 3, 5, 7, 7, 5, 3, 3, 3, 3, 7, 3, 7, 5], 'e': [4, 4, 4, 3, 6, 4, 4, 4, 4, 6, 4, 4, 6, 4, 4, 3, 3, 3, 6, 3]}
gen=083 best_pred_acc=95.300 best_macs=76.97M spec={'r': 32, 'd': [2, 4, 4, 4, 3], 'ks': [7, 5, 3, 3, 5, 5, 5, 3, 5, 7, 7, 5, 3, 3, 3, 3, 7, 3, 7, 5], 'e': [4, 4, 4, 3, 6, 4, 4, 4, 4, 6, 4, 4, 6, 4, 4, 3, 3, 3, 6, 3]}
gen=084 best_pred_acc=95.300 best_macs=76.97M spec={'r': 32, 'd': [2, 4, 4, 4, 3], 'ks': [7, 5, 3, 3, 5, 5, 5, 3, 5, 7, 7, 5, 3, 3, 3, 3, 7, 3, 7, 5], 'e': [4, 4, 4, 3, 6, 4, 4, 4, 4, 6, 4, 4, 6, 4, 4, 3, 3, 3, 6, 3]}
gen=085 best_pred_acc=95.300 best_macs=76.97M spec={'r': 32, 'd': [2, 4, 4, 4, 3], 'ks': [7, 5, 3, 3, 5, 5, 5, 3, 5, 7, 7, 5, 3, 3, 3, 3, 7, 3, 7, 5], 'e': [4, 4, 4, 3, 6, 4, 4, 4, 4, 6, 4, 4, 6, 4, 4, 3, 3, 3, 6, 3]}
gen=086 best_pred_acc=95.300 best_macs=76.97M spec={'r': 32, 'd': [2, 4, 4, 4, 3], 'ks': [7, 5, 3, 3, 5, 5, 5, 3, 5, 7, 7, 5, 3, 3, 3, 3, 7, 3, 7, 5], 'e': [4, 4, 4, 3, 6, 4, 4, 4, 4, 6, 4, 4, 6, 4, 4, 3, 3, 3, 6, 3]}
gen=087 best_pred_acc=95.300 best_macs=76.97M spec={'r': 32, 'd': [2, 4, 4, 4, 3], 'ks': [7, 5, 3, 3, 5, 5, 5, 3, 5, 7, 7, 5, 3, 3, 3, 3, 7, 3, 7, 5], 'e': [4, 4, 4, 3, 6, 4, 4, 4, 4, 6, 4, 4, 6, 4, 4, 3, 3, 3, 6, 3]}
gen=088 best_pred_acc=95.300 best_macs=76.97M spec={'r': 32, 'd': [2, 4, 4, 4, 3], 'ks': [7, 5, 3, 3, 5, 5, 5, 3, 5, 7, 7, 5, 3, 3, 3, 3, 7, 3, 7, 5], 'e': [4, 4, 4, 3, 6, 4, 4, 4, 4, 6, 4, 4, 6, 4, 4, 3, 3, 3, 6, 3]}
gen=089 best_pred_acc=95.300 best_macs=76.97M spec={'r': 32, 'd': [2, 4, 4, 4, 3], 'ks': [7, 5, 3, 3, 5, 5, 5, 3, 5, 7, 7, 5, 3, 3, 3, 3, 7, 3, 7, 5], 'e': [4, 4, 4, 3, 6, 4, 4, 4, 4, 6, 4, 4, 6, 4, 4, 3, 3, 3, 6, 3]}
gen=090 best_pred_acc=95.300 best_macs=76.97M spec={'r': 32, 'd': [2, 4, 4, 4, 3], 'ks': [7, 5, 3, 3, 5, 5, 5, 3, 5, 7, 7, 5, 3, 3, 3, 3, 7, 3, 7, 5], 'e': [4, 4, 4, 3, 6, 4, 4, 4, 4, 6, 4, 4, 6, 4, 4, 3, 3, 3, 6, 3]}
gen=091 best_pred_acc=95.300 best_macs=76.97M spec={'r': 32, 'd': [2, 4, 4, 4, 3], 'ks': [7, 5, 3, 3, 5, 5, 5, 3, 5, 7, 7, 5, 3, 3, 3, 3, 7, 3, 7, 5], 'e': [4, 4, 4, 3, 6, 4, 4, 4, 4, 6, 4, 4, 6, 4, 4, 3, 3, 3, 6, 3]}
gen=092 best_pred_acc=95.300 best_macs=76.97M spec={'r': 32, 'd': [2, 4, 4, 4, 3], 'ks': [7, 5, 3, 3, 5, 5, 5, 3, 5, 7, 7, 5, 3, 3, 3, 3, 7, 3, 7, 5], 'e': [4, 4, 4, 3, 6, 4, 4, 4, 4, 6, 4, 4, 6, 4, 4, 3, 3, 3, 6, 3]}
gen=093 best_pred_acc=95.300 best_macs=76.97M spec={'r': 32, 'd': [2, 4, 4, 4, 3], 'ks': [7, 5, 3, 3, 5, 5, 5, 3, 5, 7, 7, 5, 3, 3, 3, 3, 7, 3, 7, 5], 'e': [4, 4, 4, 3, 6, 4, 4, 4, 4, 6, 4, 4, 6, 4, 4, 3, 3, 3, 6, 3]}
gen=094 best_pred_acc=95.300 best_macs=76.97M spec={'r': 32, 'd': [2, 4, 4, 4, 3], 'ks': [7, 5, 3, 3, 5, 5, 5, 3, 5, 7, 7, 5, 3, 3, 3, 3, 7, 3, 7, 5], 'e': [4, 4, 4, 3, 6, 4, 4, 4, 4, 6, 4, 4, 6, 4, 4, 3, 3, 3, 6, 3]}
gen=095 best_pred_acc=95.300 best_macs=76.97M spec={'r': 32, 'd': [2, 4, 4, 4, 3], 'ks': [7, 5, 3, 3, 5, 5, 5, 3, 5, 7, 7, 5, 3, 3, 3, 3, 7, 3, 7, 5], 'e': [4, 4, 4, 3, 6, 4, 4, 4, 4, 6, 4, 4, 6, 4, 4, 3, 3, 3, 6, 3]}
gen=096 best_pred_acc=95.300 best_macs=76.97M spec={'r': 32, 'd': [2, 4, 4, 4, 3], 'ks': [7, 5, 3, 3, 5, 5, 5, 3, 5, 7, 7, 5, 3, 3, 3, 3, 7, 3, 7, 5], 'e': [4, 4, 4, 3, 6, 4, 4, 4, 4, 6, 4, 4, 6, 4, 4, 3, 3, 3, 6, 3]}
gen=097 best_pred_acc=95.300 best_macs=76.97M spec={'r': 32, 'd': [2, 4, 4, 4, 3], 'ks': [7, 5, 3, 3, 5, 5, 5, 3, 5, 7, 7, 5, 3, 3, 3, 3, 7, 3, 7, 5], 'e': [4, 4, 4, 3, 6, 4, 4, 4, 4, 6, 4, 4, 6, 4, 4, 3, 3, 3, 6, 3]}
gen=098 best_pred_acc=95.300 best_macs=76.97M spec={'r': 32, 'd': [2, 4, 4, 4, 3], 'ks': [7, 5, 3, 3, 5, 5, 5, 3, 5, 7, 7, 5, 3, 3, 3, 3, 7, 3, 7, 5], 'e': [4, 4, 4, 3, 6, 4, 4, 4, 4, 6, 4, 4, 6, 4, 4, 3, 3, 3, 6, 3]}
gen=099 best_pred_acc=95.300 best_macs=76.97M spec={'r': 32, 'd': [2, 4, 4, 4, 3], 'ks': [7, 5, 3, 3, 5, 5, 5, 3, 5, 7, 7, 5, 3, 3, 3, 3, 7, 3, 7, 5], 'e': [4, 4, 4, 3, 6, 4, 4, 4, 4, 6, 4, 4, 6, 4, 4, 3, 3, 3, 6, 3]}
gen=100 best_pred_acc=95.300 best_macs=76.97M spec={'r': 32, 'd': [2, 4, 4, 4, 3], 'ks': [7, 5, 3, 3, 5, 5, 5, 3, 5, 7, 7, 5, 3, 3, 3, 3, 7, 3, 7, 5], 'e': [4, 4, 4, 3, 6, 4, 4, 4, 4, 6, 4, 4, 6, 4, 4, 3, 3, 3, 6, 3]}
gen=101 best_pred_acc=95.300 best_macs=76.97M spec={'r': 32, 'd': [2, 4, 4, 4, 3], 'ks': [7, 5, 3, 3, 5, 5, 5, 3, 5, 7, 7, 5, 3, 3, 3, 3, 7, 3, 7, 5], 'e': [4, 4, 4, 3, 6, 4, 4, 4, 4, 6, 4, 4, 6, 4, 4, 3, 3, 3, 6, 3]}
gen=102 best_pred_acc=95.300 best_macs=76.97M spec={'r': 32, 'd': [2, 4, 4, 4, 3], 'ks': [7, 5, 3, 3, 5, 5, 5, 3, 5, 7, 7, 5, 3, 3, 3, 3, 7, 3, 7, 5], 'e': [4, 4, 4, 3, 6, 4, 4, 4, 4, 6, 4, 4, 6, 4, 4, 3, 3, 3, 6, 3]}
gen=103 best_pred_acc=95.300 best_macs=76.97M spec={'r': 32, 'd': [2, 4, 4, 4, 3], 'ks': [7, 5, 3, 3, 5, 5, 5, 3, 5, 7, 7, 5, 3, 3, 3, 3, 7, 3, 7, 5], 'e': [4, 4, 4, 3, 6, 4, 4, 4, 4, 6, 4, 4, 6, 4, 4, 3, 3, 3, 6, 3]}
gen=104 best_pred_acc=95.300 best_macs=76.97M spec={'r': 32, 'd': [2, 4, 4, 4, 3], 'ks': [7, 5, 3, 3, 5, 5, 5, 3, 5, 7, 7, 5, 3, 3, 3, 3, 7, 3, 7, 5], 'e': [4, 4, 4, 3, 6, 4, 4, 4, 4, 6, 4, 4, 6, 4, 4, 3, 3, 3, 6, 3]}
gen=105 best_pred_acc=95.300 best_macs=76.97M spec={'r': 32, 'd': [2, 4, 4, 4, 3], 'ks': [7, 5, 3, 3, 5, 5, 5, 3, 5, 7, 7, 5, 3, 3, 3, 3, 7, 3, 7, 5], 'e': [4, 4, 4, 3, 6, 4, 4, 4, 4, 6, 4, 4, 6, 4, 4, 3, 3, 3, 6, 3]}
gen=106 best_pred_acc=95.300 best_macs=76.97M spec={'r': 32, 'd': [2, 4, 4, 4, 3], 'ks': [7, 5, 3, 3, 5, 5, 5, 3, 5, 7, 7, 5, 3, 3, 3, 3, 7, 3, 7, 5], 'e': [4, 4, 4, 3, 6, 4, 4, 4, 4, 6, 4, 4, 6, 4, 4, 3, 3, 3, 6, 3]}
gen=107 best_pred_acc=95.300 best_macs=76.97M spec={'r': 32, 'd': [2, 4, 4, 4, 3], 'ks': [7, 5, 3, 3, 5, 5, 5, 3, 5, 7, 7, 5, 3, 3, 3, 3, 7, 3, 7, 5], 'e': [4, 4, 4, 3, 6, 4, 4, 4, 4, 6, 4, 4, 6, 4, 4, 3, 3, 3, 6, 3]}
gen=108 best_pred_acc=95.300 best_macs=76.97M spec={'r': 32, 'd': [2, 4, 4, 4, 3], 'ks': [7, 5, 3, 3, 5, 5, 5, 3, 5, 7, 7, 5, 3, 3, 3, 3, 7, 3, 7, 5], 'e': [4, 4, 4, 3, 6, 4, 4, 4, 4, 6, 4, 4, 6, 4, 4, 3, 3, 3, 6, 3]}
gen=109 best_pred_acc=95.300 best_macs=76.97M spec={'r': 32, 'd': [2, 4, 4, 4, 3], 'ks': [7, 5, 3, 3, 5, 5, 5, 3, 5, 7, 7, 5, 3, 3, 3, 3, 7, 3, 7, 5], 'e': [4, 4, 4, 3, 6, 4, 4, 4, 4, 6, 4, 4, 6, 4, 4, 3, 3, 3, 6, 3]}
gen=110 best_pred_acc=95.300 best_macs=76.97M spec={'r': 32, 'd': [2, 4, 4, 4, 3], 'ks': [7, 5, 3, 3, 5, 5, 5, 3, 5, 7, 7, 5, 3, 3, 3, 3, 7, 3, 7, 5], 'e': [4, 4, 4, 3, 6, 4, 4, 4, 4, 6, 4, 4, 6, 4, 4, 3, 3, 3, 6, 3]}
gen=111 best_pred_acc=95.300 best_macs=76.97M spec={'r': 32, 'd': [2, 4, 4, 4, 3], 'ks': [7, 5, 3, 3, 5, 5, 5, 3, 5, 7, 7, 5, 3, 3, 3, 3, 7, 3, 7, 5], 'e': [4, 4, 4, 3, 6, 4, 4, 4, 4, 6, 4, 4, 6, 4, 4, 3, 3, 3, 6, 3]}
gen=112 best_pred_acc=95.300 best_macs=76.97M spec={'r': 32, 'd': [2, 4, 4, 4, 3], 'ks': [7, 5, 3, 3, 5, 5, 5, 3, 5, 7, 7, 5, 3, 3, 3, 3, 7, 3, 7, 5], 'e': [4, 4, 4, 3, 6, 4, 4, 4, 4, 6, 4, 4, 6, 4, 4, 3, 3, 3, 6, 3]}
gen=113 best_pred_acc=95.300 best_macs=76.97M spec={'r': 32, 'd': [2, 4, 4, 4, 3], 'ks': [7, 5, 3, 3, 5, 5, 5, 3, 5, 7, 7, 5, 3, 3, 3, 3, 7, 3, 7, 5], 'e': [4, 4, 4, 3, 6, 4, 4, 4, 4, 6, 4, 4, 6, 4, 4, 3, 3, 3, 6, 3]}
gen=114 best_pred_acc=95.300 best_macs=76.97M spec={'r': 32, 'd': [2, 4, 4, 4, 3], 'ks': [7, 5, 3, 3, 5, 5, 5, 3, 5, 7, 7, 5, 3, 3, 3, 3, 7, 3, 7, 5], 'e': [4, 4, 4, 3, 6, 4, 4, 4, 4, 6, 4, 4, 6, 4, 4, 3, 3, 3, 6, 3]}
gen=115 best_pred_acc=95.300 best_macs=76.97M spec={'r': 32, 'd': [2, 4, 4, 4, 3], 'ks': [7, 5, 3, 3, 5, 5, 5, 3, 5, 7, 7, 5, 3, 3, 3, 3, 7, 3, 7, 5], 'e': [4, 4, 4, 3, 6, 4, 4, 4, 4, 6, 4, 4, 6, 4, 4, 3, 3, 3, 6, 3]}
gen=116 best_pred_acc=95.300 best_macs=76.97M spec={'r': 32, 'd': [2, 4, 4, 4, 3], 'ks': [7, 5, 3, 3, 5, 5, 5, 3, 5, 7, 7, 5, 3, 3, 3, 3, 7, 3, 7, 5], 'e': [4, 4, 4, 3, 6, 4, 4, 4, 4, 6, 4, 4, 6, 4, 4, 3, 3, 3, 6, 3]}
gen=117 best_pred_acc=95.300 best_macs=76.97M spec={'r': 32, 'd': [2, 4, 4, 4, 3], 'ks': [7, 5, 3, 3, 5, 5, 5, 3, 5, 7, 7, 5, 3, 3, 3, 3, 7, 3, 7, 5], 'e': [4, 4, 4, 3, 6, 4, 4, 4, 4, 6, 4, 4, 6, 4, 4, 3, 3, 3, 6, 3]}
gen=118 best_pred_acc=95.300 best_macs=76.97M spec={'r': 32, 'd': [2, 4, 4, 4, 3], 'ks': [7, 5, 3, 3, 5, 5, 5, 3, 5, 7, 7, 5, 3, 3, 3, 3, 7, 3, 7, 5], 'e': [4, 4, 4, 3, 6, 4, 4, 4, 4, 6, 4, 4, 6, 4, 4, 3, 3, 3, 6, 3]}
gen=119 best_pred_acc=95.300 best_macs=76.97M spec={'r': 32, 'd': [2, 4, 4, 4, 3], 'ks': [7, 5, 3, 3, 5, 5, 5, 3, 5, 7, 7, 5, 3, 3, 3, 3, 7, 3, 7, 5], 'e': [4, 4, 4, 3, 6, 4, 4, 4, 4, 6, 4, 4, 6, 4, 4, 3, 3, 3, 6, 3]}
gen=120 best_pred_acc=95.300 best_macs=76.97M spec={'r': 32, 'd': [2, 4, 4, 4, 3], 'ks': [7, 5, 3, 3, 5, 5, 5, 3, 5, 7, 7, 5, 3, 3, 3, 3, 7, 3, 7, 5], 'e': [4, 4, 4, 3, 6, 4, 4, 4, 4, 6, 4, 4, 6, 4, 4, 3, 3, 3, 6, 3]}
gen=121 best_pred_acc=95.300 best_macs=76.97M spec={'r': 32, 'd': [2, 4, 4, 4, 3], 'ks': [7, 5, 3, 3, 5, 5, 5, 3, 5, 7, 7, 5, 3, 3, 3, 3, 7, 3, 7, 5], 'e': [4, 4, 4, 3, 6, 4, 4, 4, 4, 6, 4, 4, 6, 4, 4, 3, 3, 3, 6, 3]}
gen=122 best_pred_acc=95.300 best_macs=76.97M spec={'r': 32, 'd': [2, 4, 4, 4, 3], 'ks': [7, 5, 3, 3, 5, 5, 5, 3, 5, 7, 7, 5, 3, 3, 3, 3, 7, 3, 7, 5], 'e': [4, 4, 4, 3, 6, 4, 4, 4, 4, 6, 4, 4, 6, 4, 4, 3, 3, 3, 6, 3]}
gen=123 best_pred_acc=95.300 best_macs=76.97M spec={'r': 32, 'd': [2, 4, 4, 4, 3], 'ks': [7, 5, 3, 3, 5, 5, 5, 3, 5, 7, 7, 5, 3, 3, 3, 3, 7, 3, 7, 5], 'e': [4, 4, 4, 3, 6, 4, 4, 4, 4, 6, 4, 4, 6, 4, 4, 3, 3, 3, 6, 3]}
gen=124 best_pred_acc=95.300 best_macs=76.97M spec={'r': 32, 'd': [2, 4, 4, 4, 3], 'ks': [7, 5, 3, 3, 5, 5, 5, 3, 5, 7, 7, 5, 3, 3, 3, 3, 7, 3, 7, 5], 'e': [4, 4, 4, 3, 6, 4, 4, 4, 4, 6, 4, 4, 6, 4, 4, 3, 3, 3, 6, 3]}
gen=125 best_pred_acc=95.300 best_macs=76.97M spec={'r': 32, 'd': [2, 4, 4, 4, 3], 'ks': [7, 5, 3, 3, 5, 5, 5, 3, 5, 7, 7, 5, 3, 3, 3, 3, 7, 3, 7, 5], 'e': [4, 4, 4, 3, 6, 4, 4, 4, 4, 6, 4, 4, 6, 4, 4, 3, 3, 3, 6, 3]}
gen=126 best_pred_acc=95.300 best_macs=76.97M spec={'r': 32, 'd': [2, 4, 4, 4, 3], 'ks': [7, 5, 3, 3, 5, 5, 5, 3, 5, 7, 7, 5, 3, 3, 3, 3, 7, 3, 7, 5], 'e': [4, 4, 4, 3, 6, 4, 4, 4, 4, 6, 4, 4, 6, 4, 4, 3, 3, 3, 6, 3]}
gen=127 best_pred_acc=95.300 best_macs=76.97M spec={'r': 32, 'd': [2, 4, 4, 4, 3], 'ks': [7, 5, 3, 3, 5, 5, 5, 3, 5, 7, 7, 5, 3, 3, 3, 3, 7, 3, 7, 5], 'e': [4, 4, 4, 3, 6, 4, 4, 4, 4, 6, 4, 4, 6, 4, 4, 3, 3, 3, 6, 3]}
gen=128 best_pred_acc=95.300 best_macs=76.97M spec={'r': 32, 'd': [2, 4, 4, 4, 3], 'ks': [7, 5, 3, 3, 5, 5, 5, 3, 5, 7, 7, 5, 3, 3, 3, 3, 7, 3, 7, 5], 'e': [4, 4, 4, 3, 6, 4, 4, 4, 4, 6, 4, 4, 6, 4, 4, 3, 3, 3, 6, 3]}
gen=129 best_pred_acc=95.300 best_macs=76.97M spec={'r': 32, 'd': [2, 4, 4, 4, 3], 'ks': [7, 5, 3, 3, 5, 5, 5, 3, 5, 7, 7, 5, 3, 3, 3, 3, 7, 3, 7, 5], 'e': [4, 4, 4, 3, 6, 4, 4, 4, 4, 6, 4, 4, 6, 4, 4, 3, 3, 3, 6, 3]}
gen=130 best_pred_acc=95.300 best_macs=76.97M spec={'r': 32, 'd': [2, 4, 4, 4, 3], 'ks': [7, 5, 3, 3, 5, 5, 5, 3, 5, 7, 7, 5, 3, 3, 3, 3, 7, 3, 7, 5], 'e': [4, 4, 4, 3, 6, 4, 4, 4, 4, 6, 4, 4, 6, 4, 4, 3, 3, 3, 6, 3]}
gen=131 best_pred_acc=95.300 best_macs=76.97M spec={'r': 32, 'd': [2, 4, 4, 4, 3], 'ks': [7, 5, 3, 3, 5, 5, 5, 3, 5, 7, 7, 5, 3, 3, 3, 3, 7, 3, 7, 5], 'e': [4, 4, 4, 3, 6, 4, 4, 4, 4, 6, 4, 4, 6, 4, 4, 3, 3, 3, 6, 3]}
gen=132 best_pred_acc=95.300 best_macs=76.97M spec={'r': 32, 'd': [2, 4, 4, 4, 3], 'ks': [7, 5, 3, 3, 5, 5, 5, 3, 5, 7, 7, 5, 3, 3, 3, 3, 7, 3, 7, 5], 'e': [4, 4, 4, 3, 6, 4, 4, 4, 4, 6, 4, 4, 6, 4, 4, 3, 3, 3, 6, 3]}
gen=133 best_pred_acc=95.300 best_macs=76.97M spec={'r': 32, 'd': [2, 4, 4, 4, 3], 'ks': [7, 5, 3, 3, 5, 5, 5, 3, 5, 7, 7, 5, 3, 3, 3, 3, 7, 3, 7, 5], 'e': [4, 4, 4, 3, 6, 4, 4, 4, 4, 6, 4, 4, 6, 4, 4, 3, 3, 3, 6, 3]}
gen=134 best_pred_acc=95.300 best_macs=76.97M spec={'r': 32, 'd': [2, 4, 4, 4, 3], 'ks': [7, 5, 3, 3, 5, 5, 5, 3, 5, 7, 7, 5, 3, 3, 3, 3, 7, 3, 7, 5], 'e': [4, 4, 4, 3, 6, 4, 4, 4, 4, 6, 4, 4, 6, 4, 4, 3, 3, 3, 6, 3]}
gen=135 best_pred_acc=95.300 best_macs=76.97M spec={'r': 32, 'd': [2, 4, 4, 4, 3], 'ks': [7, 5, 3, 3, 5, 5, 5, 3, 5, 7, 7, 5, 3, 3, 3, 3, 7, 3, 7, 5], 'e': [4, 4, 4, 3, 6, 4, 4, 4, 4, 6, 4, 4, 6, 4, 4, 3, 3, 3, 6, 3]}
gen=136 best_pred_acc=95.300 best_macs=76.97M spec={'r': 32, 'd': [2, 4, 4, 4, 3], 'ks': [7, 5, 3, 3, 5, 5, 5, 3, 5, 7, 7, 5, 3, 3, 3, 3, 7, 3, 7, 5], 'e': [4, 4, 4, 3, 6, 4, 4, 4, 4, 6, 4, 4, 6, 4, 4, 3, 3, 3, 6, 3]}
gen=137 best_pred_acc=95.300 best_macs=76.97M spec={'r': 32, 'd': [2, 4, 4, 4, 3], 'ks': [7, 5, 3, 3, 5, 5, 5, 3, 5, 7, 7, 5, 3, 3, 3, 3, 7, 3, 7, 5], 'e': [4, 4, 4, 3, 6, 4, 4, 4, 4, 6, 4, 4, 6, 4, 4, 3, 3, 3, 6, 3]}
gen=138 best_pred_acc=95.300 best_macs=76.97M spec={'r': 32, 'd': [2, 4, 4, 4, 3], 'ks': [7, 5, 3, 3, 5, 5, 5, 3, 5, 7, 7, 5, 3, 3, 3, 3, 7, 3, 7, 5], 'e': [4, 4, 4, 3, 6, 4, 4, 4, 4, 6, 4, 4, 6, 4, 4, 3, 3, 3, 6, 3]}
gen=139 best_pred_acc=95.300 best_macs=76.97M spec={'r': 32, 'd': [2, 4, 4, 4, 3], 'ks': [7, 5, 3, 3, 5, 5, 5, 3, 5, 7, 7, 5, 3, 3, 3, 3, 7, 3, 7, 5], 'e': [4, 4, 4, 3, 6, 4, 4, 4, 4, 6, 4, 4, 6, 4, 4, 3, 3, 3, 6, 3]}
gen=140 best_pred_acc=95.300 best_macs=76.97M spec={'r': 32, 'd': [2, 4, 4, 4, 3], 'ks': [7, 5, 3, 3, 5, 5, 5, 3, 5, 7, 7, 5, 3, 3, 3, 3, 7, 3, 7, 5], 'e': [4, 4, 4, 3, 6, 4, 4, 4, 4, 6, 4, 4, 6, 4, 4, 3, 3, 3, 6, 3]}
gen=141 best_pred_acc=95.300 best_macs=76.97M spec={'r': 32, 'd': [2, 4, 4, 4, 3], 'ks': [7, 5, 3, 3, 5, 5, 5, 3, 5, 7, 7, 5, 3, 3, 3, 3, 7, 3, 7, 5], 'e': [4, 4, 4, 3, 6, 4, 4, 4, 4, 6, 4, 4, 6, 4, 4, 3, 3, 3, 6, 3]}
gen=142 best_pred_acc=95.300 best_macs=76.97M spec={'r': 32, 'd': [2, 4, 4, 4, 3], 'ks': [7, 5, 3, 3, 5, 5, 5, 3, 5, 7, 7, 5, 3, 3, 3, 3, 7, 3, 7, 5], 'e': [4, 4, 4, 3, 6, 4, 4, 4, 4, 6, 4, 4, 6, 4, 4, 3, 3, 3, 6, 3]}
gen=143 best_pred_acc=95.300 best_macs=76.97M spec={'r': 32, 'd': [2, 4, 4, 4, 3], 'ks': [7, 5, 3, 3, 5, 5, 5, 3, 5, 7, 7, 5, 3, 3, 3, 3, 7, 3, 7, 5], 'e': [4, 4, 4, 3, 6, 4, 4, 4, 4, 6, 4, 4, 6, 4, 4, 3, 3, 3, 6, 3]}
gen=144 best_pred_acc=95.300 best_macs=76.97M spec={'r': 32, 'd': [2, 4, 4, 4, 3], 'ks': [7, 5, 3, 3, 5, 5, 5, 3, 5, 7, 7, 5, 3, 3, 3, 3, 7, 3, 7, 5], 'e': [4, 4, 4, 3, 6, 4, 4, 4, 4, 6, 4, 4, 6, 4, 4, 3, 3, 3, 6, 3]}
gen=145 best_pred_acc=95.300 best_macs=76.97M spec={'r': 32, 'd': [2, 4, 4, 4, 3], 'ks': [7, 5, 3, 3, 5, 5, 5, 3, 5, 7, 7, 5, 3, 3, 3, 3, 7, 3, 7, 5], 'e': [4, 4, 4, 3, 6, 4, 4, 4, 4, 6, 4, 4, 6, 4, 4, 3, 3, 3, 6, 3]}
gen=146 best_pred_acc=95.300 best_macs=76.97M spec={'r': 32, 'd': [2, 4, 4, 4, 3], 'ks': [7, 5, 3, 3, 5, 5, 5, 3, 5, 7, 7, 5, 3, 3, 3, 3, 7, 3, 7, 5], 'e': [4, 4, 4, 3, 6, 4, 4, 4, 4, 6, 4, 4, 6, 4, 4, 3, 3, 3, 6, 3]}
gen=147 best_pred_acc=95.300 best_macs=76.97M spec={'r': 32, 'd': [2, 4, 4, 4, 3], 'ks': [7, 5, 3, 3, 5, 5, 5, 3, 5, 7, 7, 5, 3, 3, 3, 3, 7, 3, 7, 5], 'e': [4, 4, 4, 3, 6, 4, 4, 4, 4, 6, 4, 4, 6, 4, 4, 3, 3, 3, 6, 3]}
gen=148 best_pred_acc=95.300 best_macs=76.97M spec={'r': 32, 'd': [2, 4, 4, 4, 3], 'ks': [7, 5, 3, 3, 5, 5, 5, 3, 5, 7, 7, 5, 3, 3, 3, 3, 7, 3, 7, 5], 'e': [4, 4, 4, 3, 6, 4, 4, 4, 4, 6, 4, 4, 6, 4, 4, 3, 3, 3, 6, 3]}
gen=149 best_pred_acc=95.300 best_macs=76.97M spec={'r': 32, 'd': [2, 4, 4, 4, 3], 'ks': [7, 5, 3, 3, 5, 5, 5, 3, 5, 7, 7, 5, 3, 3, 3, 3, 7, 3, 7, 5], 'e': [4, 4, 4, 3, 6, 4, 4, 4, 4, 6, 4, 4, 6, 4, 4, 3, 3, 3, 6, 3]}
gen=150 best_pred_acc=95.300 best_macs=76.97M spec={'r': 32, 'd': [2, 4, 4, 4, 3], 'ks': [7, 5, 3, 3, 5, 5, 5, 3, 5, 7, 7, 5, 3, 3, 3, 3, 7, 3, 7, 5], 'e': [4, 4, 4, 3, 6, 4, 4, 4, 4, 6, 4, 4, 6, 4, 4, 3, 3, 3, 6, 3]}
gen=151 best_pred_acc=95.300 best_macs=76.97M spec={'r': 32, 'd': [2, 4, 4, 4, 3], 'ks': [7, 5, 3, 3, 5, 5, 5, 3, 5, 7, 7, 5, 3, 3, 3, 3, 7, 3, 7, 5], 'e': [4, 4, 4, 3, 6, 4, 4, 4, 4, 6, 4, 4, 6, 4, 4, 3, 3, 3, 6, 3]}
gen=152 best_pred_acc=95.300 best_macs=76.97M spec={'r': 32, 'd': [2, 4, 4, 4, 3], 'ks': [7, 5, 3, 3, 5, 5, 5, 3, 5, 7, 7, 5, 3, 3, 3, 3, 7, 3, 7, 5], 'e': [4, 4, 4, 3, 6, 4, 4, 4, 4, 6, 4, 4, 6, 4, 4, 3, 3, 3, 6, 3]}
gen=153 best_pred_acc=95.300 best_macs=76.97M spec={'r': 32, 'd': [2, 4, 4, 4, 3], 'ks': [7, 5, 3, 3, 5, 5, 5, 3, 5, 7, 7, 5, 3, 3, 3, 3, 7, 3, 7, 5], 'e': [4, 4, 4, 3, 6, 4, 4, 4, 4, 6, 4, 4, 6, 4, 4, 3, 3, 3, 6, 3]}
gen=154 best_pred_acc=95.300 best_macs=76.97M spec={'r': 32, 'd': [2, 4, 4, 4, 3], 'ks': [7, 5, 3, 3, 5, 5, 5, 3, 5, 7, 7, 5, 3, 3, 3, 3, 7, 3, 7, 5], 'e': [4, 4, 4, 3, 6, 4, 4, 4, 4, 6, 4, 4, 6, 4, 4, 3, 3, 3, 6, 3]}
gen=155 best_pred_acc=95.300 best_macs=76.97M spec={'r': 32, 'd': [2, 4, 4, 4, 3], 'ks': [7, 5, 3, 3, 5, 5, 5, 3, 5, 7, 7, 5, 3, 3, 3, 3, 7, 3, 7, 5], 'e': [4, 4, 4, 3, 6, 4, 4, 4, 4, 6, 4, 4, 6, 4, 4, 3, 3, 3, 6, 3]}
gen=156 best_pred_acc=95.300 best_macs=76.97M spec={'r': 32, 'd': [2, 4, 4, 4, 3], 'ks': [7, 5, 3, 3, 5, 5, 5, 3, 5, 7, 7, 5, 3, 3, 3, 3, 7, 3, 7, 5], 'e': [4, 4, 4, 3, 6, 4, 4, 4, 4, 6, 4, 4, 6, 4, 4, 3, 3, 3, 6, 3]}
gen=157 best_pred_acc=95.300 best_macs=76.97M spec={'r': 32, 'd': [2, 4, 4, 4, 3], 'ks': [7, 5, 3, 3, 5, 5, 5, 3, 5, 7, 7, 5, 3, 3, 3, 3, 7, 3, 7, 5], 'e': [4, 4, 4, 3, 6, 4, 4, 4, 4, 6, 4, 4, 6, 4, 4, 3, 3, 3, 6, 3]}
gen=158 best_pred_acc=95.300 best_macs=76.97M spec={'r': 32, 'd': [2, 4, 4, 4, 3], 'ks': [7, 5, 3, 3, 5, 5, 5, 3, 5, 7, 7, 5, 3, 3, 3, 3, 7, 3, 7, 5], 'e': [4, 4, 4, 3, 6, 4, 4, 4, 4, 6, 4, 4, 6, 4, 4, 3, 3, 3, 6, 3]}
gen=159 best_pred_acc=95.300 best_macs=76.97M spec={'r': 32, 'd': [2, 4, 4, 4, 3], 'ks': [7, 5, 3, 3, 5, 5, 5, 3, 5, 7, 7, 5, 3, 3, 3, 3, 7, 3, 7, 5], 'e': [4, 4, 4, 3, 6, 4, 4, 4, 4, 6, 4, 4, 6, 4, 4, 3, 3, 3, 6, 3]}
gen=160 best_pred_acc=95.300 best_macs=76.97M spec={'r': 32, 'd': [2, 4, 4, 4, 3], 'ks': [7, 5, 3, 3, 5, 5, 5, 3, 5, 7, 7, 5, 3, 3, 3, 3, 7, 3, 7, 5], 'e': [4, 4, 4, 3, 6, 4, 4, 4, 4, 6, 4, 4, 6, 4, 4, 3, 3, 3, 6, 3]}
gen=161 best_pred_acc=95.300 best_macs=76.97M spec={'r': 32, 'd': [2, 4, 4, 4, 3], 'ks': [7, 5, 3, 3, 5, 5, 5, 3, 5, 7, 7, 5, 3, 3, 3, 3, 7, 3, 7, 5], 'e': [4, 4, 4, 3, 6, 4, 4, 4, 4, 6, 4, 4, 6, 4, 4, 3, 3, 3, 6, 3]}
gen=162 best_pred_acc=95.300 best_macs=76.97M spec={'r': 32, 'd': [2, 4, 4, 4, 3], 'ks': [7, 5, 3, 3, 5, 5, 5, 3, 5, 7, 7, 5, 3, 3, 3, 3, 7, 3, 7, 5], 'e': [4, 4, 4, 3, 6, 4, 4, 4, 4, 6, 4, 4, 6, 4, 4, 3, 3, 3, 6, 3]}
gen=163 best_pred_acc=95.300 best_macs=76.97M spec={'r': 32, 'd': [2, 4, 4, 4, 3], 'ks': [7, 5, 3, 3, 5, 5, 5, 3, 5, 7, 7, 5, 3, 3, 3, 3, 7, 3, 7, 5], 'e': [4, 4, 4, 3, 6, 4, 4, 4, 4, 6, 4, 4, 6, 4, 4, 3, 3, 3, 6, 3]}
gen=164 best_pred_acc=95.300 best_macs=76.97M spec={'r': 32, 'd': [2, 4, 4, 4, 3], 'ks': [7, 5, 3, 3, 5, 5, 5, 3, 5, 7, 7, 5, 3, 3, 3, 3, 7, 3, 7, 5], 'e': [4, 4, 4, 3, 6, 4, 4, 4, 4, 6, 4, 4, 6, 4, 4, 3, 3, 3, 6, 3]}
gen=165 best_pred_acc=95.300 best_macs=76.97M spec={'r': 32, 'd': [2, 4, 4, 4, 3], 'ks': [7, 5, 3, 3, 5, 5, 5, 3, 5, 7, 7, 5, 3, 3, 3, 3, 7, 3, 7, 5], 'e': [4, 4, 4, 3, 6, 4, 4, 4, 4, 6, 4, 4, 6, 4, 4, 3, 3, 3, 6, 3]}
gen=166 best_pred_acc=95.300 best_macs=76.97M spec={'r': 32, 'd': [2, 4, 4, 4, 3], 'ks': [7, 5, 3, 3, 5, 5, 5, 3, 5, 7, 7, 5, 3, 3, 3, 3, 7, 3, 7, 5], 'e': [4, 4, 4, 3, 6, 4, 4, 4, 4, 6, 4, 4, 6, 4, 4, 3, 3, 3, 6, 3]}
gen=167 best_pred_acc=95.300 best_macs=76.97M spec={'r': 32, 'd': [2, 4, 4, 4, 3], 'ks': [7, 5, 3, 3, 5, 5, 5, 3, 5, 7, 7, 5, 3, 3, 3, 3, 7, 3, 7, 5], 'e': [4, 4, 4, 3, 6, 4, 4, 4, 4, 6, 4, 4, 6, 4, 4, 3, 3, 3, 6, 3]}
gen=168 best_pred_acc=95.300 best_macs=76.97M spec={'r': 32, 'd': [2, 4, 4, 4, 3], 'ks': [7, 5, 3, 3, 5, 5, 5, 3, 5, 7, 7, 5, 3, 3, 3, 3, 7, 3, 7, 5], 'e': [4, 4, 4, 3, 6, 4, 4, 4, 4, 6, 4, 4, 6, 4, 4, 3, 3, 3, 6, 3]}
gen=169 best_pred_acc=95.300 best_macs=76.97M spec={'r': 32, 'd': [2, 4, 4, 4, 3], 'ks': [7, 5, 3, 3, 5, 5, 5, 3, 5, 7, 7, 5, 3, 3, 3, 3, 7, 3, 7, 5], 'e': [4, 4, 4, 3, 6, 4, 4, 4, 4, 6, 4, 4, 6, 4, 4, 3, 3, 3, 6, 3]}
gen=170 best_pred_acc=95.300 best_macs=76.97M spec={'r': 32, 'd': [2, 4, 4, 4, 3], 'ks': [7, 5, 3, 3, 5, 5, 5, 3, 5, 7, 7, 5, 3, 3, 3, 3, 7, 3, 7, 5], 'e': [4, 4, 4, 3, 6, 4, 4, 4, 4, 6, 4, 4, 6, 4, 4, 3, 3, 3, 6, 3]}
gen=171 best_pred_acc=95.300 best_macs=76.97M spec={'r': 32, 'd': [2, 4, 4, 4, 3], 'ks': [7, 5, 3, 3, 5, 5, 5, 3, 5, 7, 7, 5, 3, 3, 3, 3, 7, 3, 7, 5], 'e': [4, 4, 4, 3, 6, 4, 4, 4, 4, 6, 4, 4, 6, 4, 4, 3, 3, 3, 6, 3]}
gen=172 best_pred_acc=95.300 best_macs=76.97M spec={'r': 32, 'd': [2, 4, 4, 4, 3], 'ks': [7, 5, 3, 3, 5, 5, 5, 3, 5, 7, 7, 5, 3, 3, 3, 3, 7, 3, 7, 5], 'e': [4, 4, 4, 3, 6, 4, 4, 4, 4, 6, 4, 4, 6, 4, 4, 3, 3, 3, 6, 3]}
gen=173 best_pred_acc=95.300 best_macs=76.97M spec={'r': 32, 'd': [2, 4, 4, 4, 3], 'ks': [7, 5, 3, 3, 5, 5, 5, 3, 5, 7, 7, 5, 3, 3, 3, 3, 7, 3, 7, 5], 'e': [4, 4, 4, 3, 6, 4, 4, 4, 4, 6, 4, 4, 6, 4, 4, 3, 3, 3, 6, 3]}
gen=174 best_pred_acc=95.300 best_macs=76.97M spec={'r': 32, 'd': [2, 4, 4, 4, 3], 'ks': [7, 5, 3, 3, 5, 5, 5, 3, 5, 7, 7, 5, 3, 3, 3, 3, 7, 3, 7, 5], 'e': [4, 4, 4, 3, 6, 4, 4, 4, 4, 6, 4, 4, 6, 4, 4, 3, 3, 3, 6, 3]}
gen=175 best_pred_acc=95.300 best_macs=76.97M spec={'r': 32, 'd': [2, 4, 4, 4, 3], 'ks': [7, 5, 3, 3, 5, 5, 5, 3, 5, 7, 7, 5, 3, 3, 3, 3, 7, 3, 7, 5], 'e': [4, 4, 4, 3, 6, 4, 4, 4, 4, 6, 4, 4, 6, 4, 4, 3, 3, 3, 6, 3]}
gen=176 best_pred_acc=95.300 best_macs=76.97M spec={'r': 32, 'd': [2, 4, 4, 4, 3], 'ks': [7, 5, 3, 3, 5, 5, 5, 3, 5, 7, 7, 5, 3, 3, 3, 3, 7, 3, 7, 5], 'e': [4, 4, 4, 3, 6, 4, 4, 4, 4, 6, 4, 4, 6, 4, 4, 3, 3, 3, 6, 3]}
gen=177 best_pred_acc=95.300 best_macs=76.97M spec={'r': 32, 'd': [2, 4, 4, 4, 3], 'ks': [7, 5, 3, 3, 5, 5, 5, 3, 5, 7, 7, 5, 3, 3, 3, 3, 7, 3, 7, 5], 'e': [4, 4, 4, 3, 6, 4, 4, 4, 4, 6, 4, 4, 6, 4, 4, 3, 3, 3, 6, 3]}
gen=178 best_pred_acc=95.300 best_macs=76.97M spec={'r': 32, 'd': [2, 4, 4, 4, 3], 'ks': [7, 5, 3, 3, 5, 5, 5, 3, 5, 7, 7, 5, 3, 3, 3, 3, 7, 3, 7, 5], 'e': [4, 4, 4, 3, 6, 4, 4, 4, 4, 6, 4, 4, 6, 4, 4, 3, 3, 3, 6, 3]}
gen=179 best_pred_acc=95.300 best_macs=76.97M spec={'r': 32, 'd': [2, 4, 4, 4, 3], 'ks': [7, 5, 3, 3, 5, 5, 5, 3, 5, 7, 7, 5, 3, 3, 3, 3, 7, 3, 7, 5], 'e': [4, 4, 4, 3, 6, 4, 4, 4, 4, 6, 4, 4, 6, 4, 4, 3, 3, 3, 6, 3]}
gen=180 best_pred_acc=95.300 best_macs=76.97M spec={'r': 32, 'd': [2, 4, 4, 4, 3], 'ks': [7, 5, 3, 3, 5, 5, 5, 3, 5, 7, 7, 5, 3, 3, 3, 3, 7, 3, 7, 5], 'e': [4, 4, 4, 3, 6, 4, 4, 4, 4, 6, 4, 4, 6, 4, 4, 3, 3, 3, 6, 3]}
gen=181 best_pred_acc=95.300 best_macs=76.97M spec={'r': 32, 'd': [2, 4, 4, 4, 3], 'ks': [7, 5, 3, 3, 5, 5, 5, 3, 5, 7, 7, 5, 3, 3, 3, 3, 7, 3, 7, 5], 'e': [4, 4, 4, 3, 6, 4, 4, 4, 4, 6, 4, 4, 6, 4, 4, 3, 3, 3, 6, 3]}
gen=182 best_pred_acc=95.300 best_macs=76.97M spec={'r': 32, 'd': [2, 4, 4, 4, 3], 'ks': [7, 5, 3, 3, 5, 5, 5, 3, 5, 7, 7, 5, 3, 3, 3, 3, 7, 3, 7, 5], 'e': [4, 4, 4, 3, 6, 4, 4, 4, 4, 6, 4, 4, 6, 4, 4, 3, 3, 3, 6, 3]}
gen=183 best_pred_acc=95.300 best_macs=76.97M spec={'r': 32, 'd': [2, 4, 4, 4, 3], 'ks': [7, 5, 3, 3, 5, 5, 5, 3, 5, 7, 7, 5, 3, 3, 3, 3, 7, 3, 7, 5], 'e': [4, 4, 4, 3, 6, 4, 4, 4, 4, 6, 4, 4, 6, 4, 4, 3, 3, 3, 6, 3]}
gen=184 best_pred_acc=95.300 best_macs=76.97M spec={'r': 32, 'd': [2, 4, 4, 4, 3], 'ks': [7, 5, 3, 3, 5, 5, 5, 3, 5, 7, 7, 5, 3, 3, 3, 3, 7, 3, 7, 5], 'e': [4, 4, 4, 3, 6, 4, 4, 4, 4, 6, 4, 4, 6, 4, 4, 3, 3, 3, 6, 3]}
gen=185 best_pred_acc=95.300 best_macs=76.97M spec={'r': 32, 'd': [2, 4, 4, 4, 3], 'ks': [7, 5, 3, 3, 5, 5, 5, 3, 5, 7, 7, 5, 3, 3, 3, 3, 7, 3, 7, 5], 'e': [4, 4, 4, 3, 6, 4, 4, 4, 4, 6, 4, 4, 6, 4, 4, 3, 3, 3, 6, 3]}
gen=186 best_pred_acc=95.300 best_macs=76.97M spec={'r': 32, 'd': [2, 4, 4, 4, 3], 'ks': [7, 5, 3, 3, 5, 5, 5, 3, 5, 7, 7, 5, 3, 3, 3, 3, 7, 3, 7, 5], 'e': [4, 4, 4, 3, 6, 4, 4, 4, 4, 6, 4, 4, 6, 4, 4, 3, 3, 3, 6, 3]}
gen=187 best_pred_acc=95.300 best_macs=76.97M spec={'r': 32, 'd': [2, 4, 4, 4, 3], 'ks': [7, 5, 3, 3, 5, 5, 5, 3, 5, 7, 7, 5, 3, 3, 3, 3, 7, 3, 7, 5], 'e': [4, 4, 4, 3, 6, 4, 4, 4, 4, 6, 4, 4, 6, 4, 4, 3, 3, 3, 6, 3]}
gen=188 best_pred_acc=95.300 best_macs=76.97M spec={'r': 32, 'd': [2, 4, 4, 4, 3], 'ks': [7, 5, 3, 3, 5, 5, 5, 3, 5, 7, 7, 5, 3, 3, 3, 3, 7, 3, 7, 5], 'e': [4, 4, 4, 3, 6, 4, 4, 4, 4, 6, 4, 4, 6, 4, 4, 3, 3, 3, 6, 3]}
gen=189 best_pred_acc=95.300 best_macs=76.97M spec={'r': 32, 'd': [2, 4, 4, 4, 3], 'ks': [7, 5, 3, 3, 5, 5, 5, 3, 5, 7, 7, 5, 3, 3, 3, 3, 7, 3, 7, 5], 'e': [4, 4, 4, 3, 6, 4, 4, 4, 4, 6, 4, 4, 6, 4, 4, 3, 3, 3, 6, 3]}
gen=190 best_pred_acc=95.300 best_macs=76.97M spec={'r': 32, 'd': [2, 4, 4, 4, 3], 'ks': [7, 5, 3, 3, 5, 5, 5, 3, 5, 7, 7, 5, 3, 3, 3, 3, 7, 3, 7, 5], 'e': [4, 4, 4, 3, 6, 4, 4, 4, 4, 6, 4, 4, 6, 4, 4, 3, 3, 3, 6, 3]}
gen=191 best_pred_acc=95.300 best_macs=76.97M spec={'r': 32, 'd': [2, 4, 4, 4, 3], 'ks': [7, 5, 3, 3, 5, 5, 5, 3, 5, 7, 7, 5, 3, 3, 3, 3, 7, 3, 7, 5], 'e': [4, 4, 4, 3, 6, 4, 4, 4, 4, 6, 4, 4, 6, 4, 4, 3, 3, 3, 6, 3]}
gen=192 best_pred_acc=95.300 best_macs=76.97M spec={'r': 32, 'd': [2, 4, 4, 4, 3], 'ks': [7, 5, 3, 3, 5, 5, 5, 3, 5, 7, 7, 5, 3, 3, 3, 3, 7, 3, 7, 5], 'e': [4, 4, 4, 3, 6, 4, 4, 4, 4, 6, 4, 4, 6, 4, 4, 3, 3, 3, 6, 3]}
gen=193 best_pred_acc=95.300 best_macs=76.97M spec={'r': 32, 'd': [2, 4, 4, 4, 3], 'ks': [7, 5, 3, 3, 5, 5, 5, 3, 5, 7, 7, 5, 3, 3, 3, 3, 7, 3, 7, 5], 'e': [4, 4, 4, 3, 6, 4, 4, 4, 4, 6, 4, 4, 6, 4, 4, 3, 3, 3, 6, 3]}
gen=194 best_pred_acc=95.300 best_macs=76.97M spec={'r': 32, 'd': [2, 4, 4, 4, 3], 'ks': [7, 5, 3, 3, 5, 5, 5, 3, 5, 7, 7, 5, 3, 3, 3, 3, 7, 3, 7, 5], 'e': [4, 4, 4, 3, 6, 4, 4, 4, 4, 6, 4, 4, 6, 4, 4, 3, 3, 3, 6, 3]}
gen=195 best_pred_acc=95.300 best_macs=76.97M spec={'r': 32, 'd': [2, 4, 4, 4, 3], 'ks': [7, 5, 3, 3, 5, 5, 5, 3, 5, 7, 7, 5, 3, 3, 3, 3, 7, 3, 7, 5], 'e': [4, 4, 4, 3, 6, 4, 4, 4, 4, 6, 4, 4, 6, 4, 4, 3, 3, 3, 6, 3]}
gen=196 best_pred_acc=95.300 best_macs=76.97M spec={'r': 32, 'd': [2, 4, 4, 4, 3], 'ks': [7, 5, 3, 3, 5, 5, 5, 3, 5, 7, 7, 5, 3, 3, 3, 3, 7, 3, 7, 5], 'e': [4, 4, 4, 3, 6, 4, 4, 4, 4, 6, 4, 4, 6, 4, 4, 3, 3, 3, 6, 3]}
gen=197 best_pred_acc=95.300 best_macs=76.97M spec={'r': 32, 'd': [2, 4, 4, 4, 3], 'ks': [7, 5, 3, 3, 5, 5, 5, 3, 5, 7, 7, 5, 3, 3, 3, 3, 7, 3, 7, 5], 'e': [4, 4, 4, 3, 6, 4, 4, 4, 4, 6, 4, 4, 6, 4, 4, 3, 3, 3, 6, 3]}
gen=198 best_pred_acc=95.300 best_macs=76.97M spec={'r': 32, 'd': [2, 4, 4, 4, 3], 'ks': [7, 5, 3, 3, 5, 5, 5, 3, 5, 7, 7, 5, 3, 3, 3, 3, 7, 3, 7, 5], 'e': [4, 4, 4, 3, 6, 4, 4, 4, 4, 6, 4, 4, 6, 4, 4, 3, 3, 3, 6, 3]}
gen=199 best_pred_acc=95.300 best_macs=76.97M spec={'r': 32, 'd': [2, 4, 4, 4, 3], 'ks': [7, 5, 3, 3, 5, 5, 5, 3, 5, 7, 7, 5, 3, 3, 3, 3, 7, 3, 7, 5], 'e': [4, 4, 4, 3, 6, 4, 4, 4, 4, 6, 4, 4, 6, 4, 4, 3, 3, 3, 6, 3]}
Saved best searched architecture to runs/ofa_kernel_transform_10h/search_80m/search/best_spec.json
